TN:
SF:src\app.ts
FN:20,(anonymous_1)
FN:49,(anonymous_2)
FN:89,(anonymous_3)
FN:124,(anonymous_4)
FNF:4
FNH:3
FNDA:4,(anonymous_1)
FNDA:23,(anonymous_2)
FNDA:23,(anonymous_3)
FNDA:0,(anonymous_4)
DA:5,2
DA:6,2
DA:7,2
DA:8,2
DA:9,2
DA:11,2
DA:12,2
DA:13,2
DA:14,2
DA:20,2
DA:21,4
DA:28,4
DA:34,4
DA:48,4
DA:50,23
DA:51,0
DA:53,23
DA:62,4
DA:67,4
DA:76,4
DA:91,23
DA:95,4
DA:102,4
DA:103,4
DA:109,4
DA:115,4
DA:116,4
DA:118,4
DA:124,2
DA:131,2
LF:30
LH:29
BRDA:35,0,0,0
BRDA:35,0,1,4
BRDA:50,1,0,0
BRDA:91,2,0,23
BRDA:91,2,1,22
BRDA:126,3,0,0
BRDA:126,3,1,0
BRF:7
BRH:3
end_of_record
TN:
SF:src\config\index.ts
FNF:0
FNH:0
DA:5,3
DA:6,3
DA:9,3
DA:12,3
DA:51,3
DA:53,3
DA:54,0
DA:57,3
DA:108,3
LF:9
LH:8
BRDA:53,0,0,0
BRF:1
BRH:0
end_of_record
TN:
SF:src\controllers\health.controller.ts
FN:14,(anonymous_0)
FN:31,(anonymous_1)
FN:48,(anonymous_2)
FN:77,(anonymous_3)
FN:105,(anonymous_4)
FN:130,(anonymous_5)
FNF:6
FNH:6
FNDA:1,(anonymous_0)
FNDA:1,(anonymous_1)
FNDA:3,(anonymous_2)
FNDA:1,(anonymous_3)
FNDA:1,(anonymous_4)
FNDA:2,(anonymous_5)
DA:6,2
DA:7,2
DA:8,2
DA:14,2
DA:19,1
DA:20,1
DA:21,1
DA:23,0
DA:31,2
DA:36,1
DA:37,1
DA:38,1
DA:40,0
DA:48,2
DA:53,3
DA:54,3
DA:57,3
DA:60,3
DA:69,0
DA:77,2
DA:82,1
DA:83,1
DA:85,1
DA:97,0
DA:105,2
DA:110,1
DA:111,1
DA:113,1
DA:122,0
DA:130,2
DA:135,2
DA:136,2
DA:137,2
DA:138,2
DA:140,0
DA:144,2
LF:36
LH:30
BRDA:21,0,0,1
BRDA:21,0,1,0
BRDA:38,1,0,0
BRDA:38,1,1,1
BRDA:57,2,0,0
BRDA:57,2,1,3
BRDA:58,3,0,0
BRDA:58,3,1,3
BRF:8
BRH:4
end_of_record
TN:
SF:src\controllers\index.ts
FNF:0
FNH:0
DA:4,0
DA:5,0
LF:2
LH:0
BRF:0
BRH:0
end_of_record
TN:
SF:src\controllers\transaction.controller.ts
FN:16,(anonymous_0)
FN:71,(anonymous_1)
FN:113,(anonymous_2)
FN:141,(anonymous_3)
FNF:4
FNH:4
FNDA:6,(anonymous_0)
FNDA:5,(anonymous_1)
FNDA:1,(anonymous_2)
FNDA:1,(anonymous_3)
DA:6,2
DA:7,2
DA:9,2
DA:10,2
DA:16,2
DA:21,6
DA:23,6
DA:25,6
DA:26,6
DA:27,4
DA:30,2
DA:32,2
DA:41,2
DA:44,2
DA:45,2
DA:53,2
DA:63,4
DA:71,2
DA:76,5
DA:77,5
DA:80,5
DA:81,5
DA:82,1
DA:85,4
DA:86,4
DA:88,4
DA:105,1
DA:113,2
DA:118,1
DA:119,1
DA:121,1
DA:133,0
DA:141,2
DA:146,1
DA:147,1
DA:149,1
DA:161,0
DA:165,2
LF:38
LH:36
BRDA:26,0,0,4
BRDA:47,1,0,0
BRDA:47,1,1,2
BRDA:81,2,0,1
BRDA:92,3,0,3
BRDA:92,3,1,1
BRF:6
BRH:5
end_of_record
TN:
SF:src\middleware\auth.middleware.ts
FN:43,(anonymous_0)
FN:53,(anonymous_1)
FN:62,(anonymous_2)
FN:77,(anonymous_3)
FN:96,(anonymous_4)
FN:125,(anonymous_5)
FN:174,(anonymous_6)
FN:209,(anonymous_7)
FN:210,(anonymous_8)
FN:238,(anonymous_9)
FN:239,(anonymous_10)
FN:245,(anonymous_11)
FN:268,(anonymous_12)
FNF:13
FNH:0
FNDA:0,(anonymous_0)
FNDA:0,(anonymous_1)
FNDA:0,(anonymous_2)
FNDA:0,(anonymous_3)
FNDA:0,(anonymous_4)
FNDA:0,(anonymous_5)
FNDA:0,(anonymous_6)
FNDA:0,(anonymous_7)
FNDA:0,(anonymous_8)
FNDA:0,(anonymous_9)
FNDA:0,(anonymous_10)
FNDA:0,(anonymous_11)
FNDA:0,(anonymous_12)
DA:7,2
DA:8,2
DA:42,2
DA:44,0
DA:45,0
DA:52,2
DA:54,0
DA:55,0
DA:62,2
DA:63,0
DA:65,0
DA:66,0
DA:67,0
DA:70,0
DA:77,2
DA:78,0
DA:79,0
DA:80,0
DA:83,0
DA:87,0
DA:89,0
DA:96,2
DA:97,0
DA:100,0
DA:101,0
DA:105,0
DA:106,0
DA:110,0
DA:111,0
DA:114,0
DA:125,2
DA:130,0
DA:132,0
DA:134,0
DA:135,0
DA:139,0
DA:141,0
DA:142,0
DA:146,0
DA:147,0
DA:151,0
DA:158,0
DA:164,0
DA:166,0
DA:174,2
DA:179,0
DA:180,0
DA:182,0
DA:183,0
DA:185,0
DA:186,0
DA:195,0
DA:198,0
DA:209,2
DA:210,0
DA:211,0
DA:212,0
DA:215,0
DA:216,0
DA:222,0
DA:227,0
DA:238,2
DA:239,0
DA:240,0
DA:241,0
DA:244,0
DA:245,0
DA:248,0
DA:249,0
DA:255,0
DA:260,0
DA:268,2
DA:273,0
DA:274,0
DA:275,0
DA:277,0
DA:278,0
DA:283,0
DA:285,0
DA:286,0
DA:289,0
DA:294,0
DA:296,0
DA:300,2
LF:84
LH:13
BRDA:43,0,0,0
BRDA:53,1,0,0
BRDA:63,2,0,0
BRDA:66,3,0,0
BRDA:66,4,0,0
BRDA:66,4,1,0
BRDA:80,5,0,0
BRDA:100,6,0,0
BRDA:100,7,0,0
BRDA:100,7,1,0
BRDA:105,8,0,0
BRDA:105,9,0,0
BRDA:105,9,1,0
BRDA:110,10,0,0
BRDA:110,11,0,0
BRDA:110,11,1,0
BRDA:134,12,0,0
BRDA:141,13,0,0
BRDA:146,14,0,0
BRDA:154,15,0,0
BRDA:154,15,1,0
BRDA:182,16,0,0
BRDA:185,17,0,0
BRDA:185,18,0,0
BRDA:185,18,1,0
BRDA:189,19,0,0
BRDA:189,19,1,0
BRDA:211,20,0,0
BRDA:215,21,0,0
BRDA:240,22,0,0
BRDA:248,23,0,0
BRDA:277,24,0,0
BRDA:277,25,0,0
BRDA:277,25,1,0
BRDA:285,26,0,0
BRF:35
BRH:0
end_of_record
TN:
SF:src\middleware\errorHandler.ts
FN:17,(anonymous_0)
FN:35,(anonymous_1)
FN:45,(anonymous_2)
FN:55,(anonymous_3)
FN:78,(anonymous_4)
FN:129,(anonymous_5)
FNF:6
FNH:4
FNDA:5,(anonymous_0)
FNDA:5,(anonymous_1)
FNDA:0,(anonymous_2)
FNDA:0,(anonymous_3)
FNDA:5,(anonymous_4)
FNDA:1,(anonymous_5)
DA:6,2
DA:7,2
DA:12,2
DA:23,5
DA:24,5
DA:25,5
DA:26,5
DA:27,5
DA:34,2
DA:36,5
DA:37,5
DA:44,2
DA:46,0
DA:47,0
DA:54,2
DA:56,0
DA:57,0
DA:78,2
DA:85,5
DA:94,5
DA:95,5
DA:96,5
DA:98,5
DA:99,5
DA:100,5
DA:101,5
DA:102,0
DA:104,0
DA:105,0
DA:109,5
DA:112,5
DA:123,5
DA:129,2
DA:134,1
DA:144,1
DA:147,2
LF:36
LH:29
BRDA:19,0,0,0
BRDA:20,1,0,0
BRDA:45,2,0,0
BRDA:55,3,0,0
BRDA:98,4,0,5
BRDA:98,4,1,0
BRDA:102,5,0,0
BRDA:109,6,0,5
BRDA:109,6,1,0
BRDA:116,7,0,5
BRDA:116,7,1,0
BRDA:117,8,0,5
BRDA:117,8,1,0
BRDA:117,9,0,5
BRDA:117,9,1,5
BRF:15
BRH:6
end_of_record
TN:
SF:src\middleware\index.ts
FNF:0
FNH:0
DA:4,2
DA:5,2
DA:6,2
DA:7,2
LF:4
LH:4
BRF:0
BRH:0
end_of_record
TN:
SF:src\middleware\requestLogger.ts
FN:24,(anonymous_0)
FN:41,(anonymous_1)
FN:58,(anonymous_2)
FN:78,(anonymous_3)
FNF:4
FNH:3
FNDA:23,(anonymous_0)
FNDA:23,(anonymous_1)
FNDA:23,(anonymous_2)
FNDA:0,(anonymous_3)
DA:6,2
DA:7,2
DA:8,2
DA:24,2
DA:29,23
DA:30,23
DA:33,23
DA:35,23
DA:41,2
DA:46,23
DA:49,23
DA:58,23
DA:59,23
DA:61,23
DA:69,23
DA:72,23
DA:78,2
DA:79,0
DA:80,0
DA:82,0
DA:83,0
DA:84,0
DA:85,0
DA:86,0
DA:88,0
DA:93,0
DA:96,2
LF:27
LH:18
BRDA:29,0,0,23
BRDA:29,0,1,23
BRDA:83,1,0,0
BRDA:83,2,0,0
BRDA:83,2,1,0
BRDA:85,3,0,0
BRDA:85,3,1,0
BRDA:85,4,0,0
BRDA:85,4,1,0
BRF:9
BRH:2
end_of_record
TN:
SF:src\middleware\validation.ts
FN:101,(anonymous_1)
FN:121,(anonymous_2)
FNF:2
FNH:2
FNDA:15,(anonymous_1)
FNDA:9,(anonymous_2)
DA:5,3
DA:10,3
DA:101,3
DA:102,15
DA:111,3
DA:121,3
DA:122,9
DA:128,3
LF:8
LH:8
BRF:0
BRH:0
end_of_record
TN:
SF:src\models\index.ts
FNF:0
FNH:0
DA:4,3
LF:1
LH:1
BRF:0
BRH:0
end_of_record
TN:
SF:src\models\transaction.model.ts
FN:9,(anonymous_0)
FN:21,(anonymous_1)
FN:32,(anonymous_2)
FNF:3
FNH:3
FNDA:3,(anonymous_0)
FNDA:3,(anonymous_1)
FNDA:3,(anonymous_2)
DA:9,3
DA:10,3
DA:11,3
DA:12,3
DA:13,3
DA:14,3
DA:15,3
DA:21,3
DA:22,3
DA:23,3
DA:24,3
DA:25,3
DA:26,3
DA:32,3
DA:33,3
DA:34,3
DA:35,3
DA:36,3
DA:37,3
DA:38,3
DA:39,3
DA:45,3
LF:22
LH:22
BRDA:9,0,0,3
BRDA:9,0,1,3
BRDA:21,1,0,3
BRDA:21,1,1,3
BRDA:32,2,0,3
BRDA:32,2,1,3
BRF:6
BRH:6
end_of_record
TN:
SF:src\routes\health.routes.ts
FNF:0
FNH:0
DA:4,2
DA:5,2
DA:14,2
DA:20,2
DA:26,2
DA:32,2
DA:38,2
DA:44,2
DA:46,2
LF:9
LH:9
BRF:0
BRH:0
end_of_record
TN:
SF:src\routes\index.ts
FNF:0
FNH:0
DA:4,2
DA:5,2
DA:6,2
DA:7,2
DA:9,2
DA:12,2
DA:15,2
DA:18,2
DA:20,2
LF:9
LH:9
BRF:0
BRH:0
end_of_record
TN:
SF:src\routes\transaction.routes.ts
FNF:0
FNH:0
DA:4,2
DA:5,2
DA:12,2
DA:18,2
DA:24,2
DA:30,2
DA:36,2
DA:38,2
LF:8
LH:8
BRF:0
BRH:0
end_of_record
TN:
SF:src\services\health.service.ts
FN:22,(anonymous_1)
FN:27,(anonymous_2)
FN:43,(anonymous_3)
FN:50,(anonymous_4)
FN:71,(anonymous_5)
FN:118,(anonymous_6)
FN:131,(anonymous_7)
FN:173,(anonymous_8)
FN:212,(anonymous_9)
FN:232,(anonymous_10)
FN:235,(anonymous_11)
FN:256,(anonymous_12)
FN:261,(anonymous_13)
FN:262,(anonymous_14)
FN:263,(anonymous_15)
FN:279,(anonymous_16)
FNF:16
FNH:14
FNDA:0,(anonymous_1)
FNDA:0,(anonymous_2)
FNDA:1,(anonymous_3)
FNDA:1,(anonymous_4)
FNDA:3,(anonymous_5)
FNDA:1,(anonymous_6)
FNDA:4,(anonymous_7)
FNDA:4,(anonymous_8)
FNDA:3,(anonymous_9)
FNDA:3,(anonymous_10)
FNDA:3,(anonymous_11)
FNDA:3,(anonymous_12)
FNDA:84,(anonymous_13)
FNDA:87,(anonymous_14)
FNDA:108,(anonymous_15)
FNDA:1,(anonymous_16)
DA:5,2
DA:6,2
DA:7,2
DA:8,2
DA:10,2
DA:11,2
DA:14,2
DA:17,2
DA:22,2
DA:23,0
DA:24,0
DA:27,0
DA:29,0
DA:30,0
DA:32,0
DA:39,2
DA:44,1
DA:51,1
DA:53,1
DA:55,1
DA:56,1
DA:59,0
DA:61,0
DA:72,3
DA:73,3
DA:76,3
DA:77,3
DA:78,3
DA:79,0
DA:82,3
DA:86,3
DA:87,3
DA:88,0
DA:92,3
DA:93,3
DA:94,3
DA:97,3
DA:98,3
DA:99,3
DA:100,0
DA:103,3
DA:105,3
DA:119,1
DA:120,0
DA:121,0
DA:122,0
DA:124,0
DA:132,4
DA:133,4
DA:134,4
DA:135,4
DA:142,0
DA:143,0
DA:145,0
DA:146,0
DA:154,0
DA:161,0
DA:177,4
DA:178,4
DA:179,4
DA:182,0
DA:184,0
DA:185,0
DA:193,0
DA:200,4
DA:213,3
DA:214,3
DA:215,3
DA:216,3
DA:218,3
DA:219,3
DA:220,3
DA:222,3
DA:233,3
DA:234,3
DA:235,3
DA:238,3
DA:239,3
DA:246,0
DA:257,3
DA:258,3
DA:261,84
DA:262,87
DA:263,108
DA:266,3
DA:272,0
DA:280,1
DA:281,1
DA:284,1
DA:285,1
DA:296,1
DA:297,1
DA:298,1
DA:308,1
DA:313,2
DA:314,2
LF:96
LH:69
BRDA:55,0,0,1
BRDA:63,1,0,0
BRDA:63,1,1,0
BRDA:78,2,0,3
BRDA:78,2,1,0
BRDA:79,3,0,0
BRDA:87,4,0,0
BRDA:87,5,0,3
BRDA:87,5,1,3
BRDA:94,6,0,0
BRDA:99,7,0,0
BRDA:99,8,0,3
BRDA:99,8,1,0
BRDA:107,9,0,3
BRDA:107,9,1,0
BRDA:119,10,0,1
BRDA:134,11,0,4
BRDA:145,12,0,0
BRDA:148,13,0,0
BRDA:148,13,1,0
BRDA:149,14,0,0
BRDA:149,14,1,0
BRDA:164,15,0,0
BRDA:164,15,1,0
BRDA:184,16,0,0
BRDA:187,17,0,0
BRDA:187,17,1,0
BRDA:188,18,0,0
BRDA:188,18,1,0
BRDA:203,19,0,4
BRDA:203,19,1,0
BRDA:219,20,0,0
BRDA:219,20,1,3
BRDA:220,21,0,3
BRDA:238,22,0,3
BRDA:288,23,0,0
BRDA:288,23,1,1
BRDA:289,24,0,0
BRDA:289,24,1,1
BRDA:290,25,0,1
BRDA:290,25,1,1
BRDA:301,26,0,0
BRDA:301,26,1,1
BRDA:302,27,0,0
BRDA:302,27,1,1
BRDA:303,28,0,1
BRDA:303,28,1,0
BRDA:305,29,0,1
BRDA:305,29,1,0
BRF:49
BRH:20
end_of_record
TN:
SF:src\services\index.ts
FNF:0
FNH:0
DA:4,0
DA:5,0
LF:2
LH:0
BRF:0
BRH:0
end_of_record
TN:
SF:src\services\routing.service.ts
FN:62,(anonymous_0)
FN:92,(anonymous_1)
FN:111,(anonymous_2)
FN:147,(anonymous_3)
FN:212,(anonymous_4)
FN:239,(anonymous_5)
FN:248,(anonymous_6)
FN:261,(anonymous_7)
FNF:8
FNH:8
FNDA:21,(anonymous_0)
FNDA:11,(anonymous_1)
FNDA:4,(anonymous_2)
FNDA:2,(anonymous_3)
FNDA:2,(anonymous_4)
FNDA:27,(anonymous_5)
FNDA:2,(anonymous_6)
FNDA:3,(anonymous_7)
DA:5,3
DA:6,3
DA:7,3
DA:8,3
DA:9,3
DA:10,3
DA:23,3
DA:50,3
DA:53,3
DA:58,3
DA:64,21
DA:67,21
DA:68,21
DA:70,21
DA:71,294
DA:72,17
DA:73,17
DA:77,21
DA:78,17
DA:82,17
DA:85,4
DA:86,4
DA:93,11
DA:95,11
DA:96,11
DA:98,11
DA:99,154
DA:100,8
DA:101,8
DA:105,11
DA:112,4
DA:113,4
DA:114,4
DA:116,4
DA:126,4
DA:135,4
DA:141,4
DA:148,2
DA:151,2
DA:154,2
DA:155,0
DA:158,2
DA:160,2
DA:177,0
DA:179,0
DA:187,0
DA:195,2
DA:197,2
DA:204,2
DA:205,2
DA:218,2
DA:224,2
DA:240,27
DA:241,27
DA:242,27
DA:249,2
DA:262,3
DA:267,3
DA:268,3
LF:59
LH:55
BRDA:71,0,0,17
BRDA:71,1,0,294
BRDA:71,1,1,27
BRDA:77,2,0,17
BRDA:99,3,0,8
BRDA:99,4,0,154
BRDA:99,4,1,15
BRDA:120,5,0,3
BRDA:120,5,1,1
BRDA:129,6,0,4
BRDA:129,6,1,1
BRDA:137,7,0,4
BRDA:137,7,1,1
BRDA:154,8,0,0
BRDA:195,9,0,2
BRDA:195,9,1,0
BRDA:204,10,0,0
BRDA:204,10,1,2
BRDA:228,11,0,2
BRDA:228,11,1,0
BRDA:241,12,0,0
BRF:21
BRH:16
end_of_record
TN:
SF:src\utils\apiResponse.ts
FN:64,(anonymous_0)
FN:81,(anonymous_1)
FN:105,(anonymous_2)
FN:131,(anonymous_3)
FN:162,(anonymous_4)
FN:173,(anonymous_5)
FN:179,(anonymous_6)
FNF:7
FNH:0
FNDA:0,(anonymous_0)
FNDA:0,(anonymous_1)
FNDA:0,(anonymous_2)
FNDA:0,(anonymous_3)
FNDA:0,(anonymous_4)
FNDA:0,(anonymous_5)
FNDA:0,(anonymous_6)
DA:54,0
DA:64,0
DA:85,0
DA:109,0
DA:136,0
DA:138,0
DA:162,0
DA:173,0
DA:179,0
DA:190,0
DA:211,0
DA:246,0
LF:12
LH:0
BRDA:90,0,0,0
BRDA:90,0,1,0
BRDA:115,1,0,0
BRDA:115,1,1,0
BRF:4
BRH:0
end_of_record
TN:
SF:src\utils\circuitBreaker.ts
FN:27,(anonymous_1)
FN:37,(anonymous_2)
FN:44,(anonymous_3)
FN:49,(anonymous_4)
FN:54,(anonymous_5)
FN:59,(anonymous_6)
FN:63,(anonymous_7)
FN:67,(anonymous_8)
FN:81,(anonymous_9)
FN:88,(anonymous_10)
FN:110,(anonymous_11)
FN:112,(anonymous_12)
FN:121,(anonymous_13)
FNF:13
FNH:6
FNDA:3,(anonymous_1)
FNDA:2,(anonymous_2)
FNDA:0,(anonymous_3)
FNDA:0,(anonymous_4)
FNDA:0,(anonymous_5)
FNDA:0,(anonymous_6)
FNDA:0,(anonymous_7)
FNDA:0,(anonymous_8)
FNDA:0,(anonymous_9)
FNDA:5,(anonymous_10)
FNDA:5,(anonymous_11)
FNDA:5,(anonymous_12)
FNDA:2,(anonymous_13)
DA:5,3
DA:6,3
DA:7,3
DA:8,3
DA:9,3
DA:12,3
DA:22,3
DA:27,3
DA:31,3
DA:32,3
DA:33,0
DA:36,3
DA:38,2
DA:44,3
DA:45,0
DA:46,0
DA:49,3
DA:50,0
DA:51,0
DA:54,3
DA:55,0
DA:56,0
DA:59,3
DA:60,0
DA:63,3
DA:64,0
DA:67,3
DA:68,0
DA:72,3
DA:73,3
DA:75,3
DA:81,3
DA:82,0
DA:88,3
DA:89,5
DA:90,5
DA:91,0
DA:94,5
DA:110,3
DA:111,5
DA:112,5
DA:113,5
DA:115,5
DA:121,3
DA:125,2
DA:127,2
DA:128,0
DA:131,2
DA:132,2
DA:134,2
DA:135,0
DA:137,2
DA:141,3
LF:53
LH:39
BRDA:32,0,0,0
BRDA:90,1,0,0
BRDA:96,2,0,0
BRDA:96,2,1,5
BRDA:96,3,0,0
BRDA:96,3,1,5
BRDA:127,4,0,0
BRDA:134,5,0,0
BRDA:134,6,0,2
BRDA:134,6,1,2
BRF:10
BRH:4
end_of_record
TN:
SF:src\utils\index.ts
FNF:0
FNH:0
DA:4,0
DA:5,0
DA:6,0
DA:7,0
DA:8,0
LF:5
LH:0
BRF:0
BRH:0
end_of_record
TN:
SF:src\utils\logger.ts
FN:12,(anonymous_1)
FN:42,(anonymous_2)
FN:51,(anonymous_3)
FN:52,(anonymous_4)
FN:53,(anonymous_5)
FN:54,(anonymous_6)
FNF:6
FNH:2
FNDA:7,(anonymous_1)
FNDA:23,(anonymous_2)
FNDA:0,(anonymous_3)
FNDA:0,(anonymous_4)
FNDA:0,(anonymous_5)
FNDA:0,(anonymous_6)
DA:5,3
DA:7,3
DA:9,3
DA:12,3
DA:13,7
DA:14,7
DA:15,7
DA:19,3
DA:42,3
DA:43,23
DA:50,3
DA:51,0
DA:52,0
DA:53,0
DA:54,0
DA:57,3
LF:16
LH:12
BRDA:14,0,0,7
BRDA:14,0,1,0
BRDA:23,1,0,3
BRDA:23,1,1,0
BRDA:32,2,0,0
BRDA:32,2,1,3
BRF:6
BRH:3
end_of_record
TN:
SF:src\utils\metrics.ts
FN:103,(anonymous_9)
FN:116,(anonymous_10)
FN:126,(anonymous_11)
FN:134,(anonymous_12)
FN:142,(anonymous_13)
FN:147,(anonymous_14)
FNF:6
FNH:6
FNDA:23,(anonymous_9)
FNDA:2,(anonymous_10)
FNDA:4,(anonymous_11)
FNDA:3,(anonymous_12)
FNDA:5,(anonymous_13)
FNDA:2,(anonymous_14)
DA:5,3
DA:6,3
DA:9,3
DA:12,3
DA:18,3
DA:19,3
DA:27,3
DA:35,3
DA:44,3
DA:52,3
DA:61,3
DA:69,3
DA:77,3
DA:84,3
DA:92,3
DA:103,3
DA:109,23
DA:110,23
DA:116,3
DA:122,2
DA:123,2
DA:126,3
DA:131,4
DA:134,3
DA:138,3
DA:139,3
DA:142,3
DA:143,5
DA:147,3
DA:148,2
DA:151,3
LF:31
LH:31
BRDA:18,0,0,3
BRF:1
BRH:1
end_of_record
TN:
SF:src\utils\retry.ts
FN:14,(anonymous_10)
FN:28,(anonymous_11)
FN:34,(anonymous_12)
FN:50,(anonymous_13)
FN:64,(anonymous_14)
FN:71,(anonymous_15)
FN:86,(anonymous_16)
FN:100,(anonymous_17)
FN:136,(anonymous_18)
FN:137,(anonymous_19)
FN:143,(anonymous_20)
FNF:11
FNH:1
FNDA:3,(anonymous_10)
FNDA:0,(anonymous_11)
FNDA:0,(anonymous_12)
FNDA:0,(anonymous_13)
FNDA:0,(anonymous_14)
FNDA:0,(anonymous_15)
FNDA:0,(anonymous_16)
FNDA:0,(anonymous_17)
FNDA:0,(anonymous_18)
FNDA:0,(anonymous_19)
FNDA:0,(anonymous_20)
DA:5,3
DA:6,3
DA:7,3
DA:8,3
DA:9,3
DA:14,3
DA:18,3
DA:26,3
DA:29,0
DA:30,0
DA:31,0
DA:32,0
DA:37,0
DA:41,0
DA:42,0
DA:48,0
DA:51,0
DA:52,0
DA:60,3
DA:63,3
DA:65,0
DA:69,0
DA:72,0
DA:76,0
DA:80,3
DA:86,3
DA:100,0
DA:102,0
DA:104,0
DA:106,0
DA:107,0
DA:108,0
DA:110,0
DA:112,0
DA:113,0
DA:116,0
DA:118,0
DA:119,0
DA:122,0
DA:126,0
DA:130,0
DA:136,3
DA:137,0
DA:143,3
DA:148,0
DA:149,0
DA:150,0
DA:153,3
LF:48
LH:15
BRDA:37,0,0,0
BRDA:37,0,1,0
BRDA:37,0,2,0
BRDA:37,0,3,0
BRDA:41,1,0,0
BRDA:88,2,0,0
BRDA:97,3,0,0
BRDA:98,4,0,0
BRDA:99,5,0,0
BRDA:100,6,0,0
BRDA:110,7,0,0
BRDA:110,7,1,0
BRDA:112,8,0,0
BRDA:112,9,0,0
BRDA:112,9,1,0
BRDA:118,10,0,0
BRDA:145,11,0,0
BRDA:146,12,0,0
BRF:18
BRH:0
end_of_record
