TN:
SF:src\app.ts
FN:20,(anonymous_1)
FN:49,(anonymous_2)
FN:89,(anonymous_3)
FN:124,(anonymous_4)
FNF:4
FNH:3
FNDA:4,(anonymous_1)
FNDA:23,(anonymous_2)
FNDA:23,(anonymous_3)
FNDA:0,(anonymous_4)
DA:5,2
DA:6,2
DA:7,2
DA:8,2
DA:9,2
DA:11,2
DA:12,2
DA:13,2
DA:14,2
DA:20,2
DA:21,4
DA:28,4
DA:34,4
DA:48,4
DA:50,23
DA:51,0
DA:53,23
DA:62,4
DA:67,4
DA:76,4
DA:91,23
DA:95,4
DA:102,4
DA:103,4
DA:109,4
DA:115,4
DA:116,4
DA:118,4
DA:124,2
DA:131,2
LF:30
LH:29
BRDA:35,0,0,0
BRDA:35,0,1,4
BRDA:50,1,0,0
BRDA:50,1,1,23
BRDA:91,2,0,23
BRDA:91,2,1,22
BRDA:126,3,0,0
BRDA:126,3,1,0
BRF:8
BRH:4
end_of_record
TN:
SF:src\config\index.ts
FNF:0
FNH:0
DA:5,3
DA:6,3
DA:9,3
DA:12,3
DA:51,3
DA:53,3
DA:54,0
DA:57,3
DA:111,3
LF:9
LH:8
BRDA:53,0,0,0
BRDA:53,0,1,3
BRDA:81,1,0,3
BRDA:81,1,1,3
BRDA:82,2,0,3
BRDA:82,2,1,3
BRDA:83,3,0,3
BRDA:83,3,1,3
BRF:8
BRH:7
end_of_record
TN:
SF:src\controllers\health.controller.ts
FN:14,(anonymous_0)
FN:31,(anonymous_1)
FN:48,(anonymous_2)
FN:77,(anonymous_3)
FN:105,(anonymous_4)
FN:130,(anonymous_5)
FNF:6
FNH:6
FNDA:1,(anonymous_0)
FNDA:1,(anonymous_1)
FNDA:3,(anonymous_2)
FNDA:1,(anonymous_3)
FNDA:1,(anonymous_4)
FNDA:2,(anonymous_5)
DA:6,2
DA:7,2
DA:8,2
DA:14,2
DA:19,1
DA:20,1
DA:21,1
DA:23,0
DA:31,2
DA:36,1
DA:37,1
DA:38,1
DA:40,0
DA:48,2
DA:53,3
DA:54,3
DA:57,3
DA:60,3
DA:69,0
DA:77,2
DA:82,1
DA:83,1
DA:85,1
DA:97,0
DA:105,2
DA:110,1
DA:111,1
DA:113,1
DA:122,0
DA:130,2
DA:135,2
DA:136,2
DA:137,2
DA:138,2
DA:140,0
DA:144,2
LF:36
LH:30
BRDA:21,0,0,1
BRDA:21,0,1,0
BRDA:38,1,0,0
BRDA:38,1,1,1
BRDA:57,2,0,0
BRDA:57,2,1,3
BRDA:58,3,0,0
BRDA:58,3,1,3
BRF:8
BRH:4
end_of_record
TN:
SF:src\controllers\transaction.controller.ts
FN:16,(anonymous_0)
FN:81,(anonymous_1)
FN:123,(anonymous_2)
FN:151,(anonymous_3)
FNF:4
FNH:4
FNDA:6,(anonymous_0)
FNDA:5,(anonymous_1)
FNDA:1,(anonymous_2)
FNDA:1,(anonymous_3)
DA:6,2
DA:7,2
DA:9,2
DA:10,2
DA:16,2
DA:21,6
DA:23,6
DA:25,6
DA:31,6
DA:32,6
DA:33,4
DA:37,4
DA:40,2
DA:42,2
DA:51,2
DA:54,2
DA:55,2
DA:63,2
DA:73,4
DA:81,2
DA:86,5
DA:87,5
DA:90,5
DA:91,5
DA:92,1
DA:95,4
DA:96,4
DA:98,4
DA:115,1
DA:123,2
DA:128,1
DA:129,1
DA:131,1
DA:143,0
DA:151,2
DA:156,1
DA:157,1
DA:159,1
DA:171,0
DA:175,2
LF:40
LH:38
BRDA:32,0,0,4
BRDA:32,0,1,2
BRDA:57,1,0,0
BRDA:57,1,1,2
BRDA:91,2,0,1
BRDA:91,2,1,4
BRDA:102,3,0,3
BRDA:102,3,1,1
BRF:8
BRH:7
end_of_record
TN:
SF:src\middleware\auth.middleware.ts
FN:44,(anonymous_1)
FN:54,(anonymous_2)
FN:63,(anonymous_3)
FN:78,(anonymous_4)
FN:107,(anonymous_5)
FN:114,(anonymous_6)
FN:143,(anonymous_7)
FN:188,(anonymous_8)
FN:223,(anonymous_9)
FN:224,(anonymous_10)
FN:252,(anonymous_11)
FN:253,(anonymous_12)
FN:259,(anonymous_13)
FN:282,(anonymous_14)
FNF:14
FNH:0
FNDA:0,(anonymous_1)
FNDA:0,(anonymous_2)
FNDA:0,(anonymous_3)
FNDA:0,(anonymous_4)
FNDA:0,(anonymous_5)
FNDA:0,(anonymous_6)
FNDA:0,(anonymous_7)
FNDA:0,(anonymous_8)
FNDA:0,(anonymous_9)
FNDA:0,(anonymous_10)
FNDA:0,(anonymous_11)
FNDA:0,(anonymous_12)
FNDA:0,(anonymous_13)
FNDA:0,(anonymous_14)
DA:7,2
DA:8,2
DA:9,2
DA:43,2
DA:45,0
DA:46,0
DA:53,2
DA:55,0
DA:56,0
DA:63,2
DA:64,0
DA:66,0
DA:67,0
DA:68,0
DA:71,0
DA:78,2
DA:79,0
DA:81,0
DA:82,0
DA:85,0
DA:87,0
DA:89,0
DA:90,0
DA:92,0
DA:93,0
DA:95,0
DA:96,0
DA:99,0
DA:100,0
DA:107,2
DA:108,0
DA:114,2
DA:115,0
DA:118,0
DA:119,0
DA:123,0
DA:124,0
DA:128,0
DA:129,0
DA:132,0
DA:143,2
DA:148,0
DA:150,0
DA:152,0
DA:153,0
DA:157,0
DA:160,0
DA:161,0
DA:165,0
DA:172,0
DA:178,0
DA:180,0
DA:188,2
DA:193,0
DA:194,0
DA:196,0
DA:197,0
DA:199,0
DA:200,0
DA:209,0
DA:212,0
DA:223,2
DA:224,0
DA:225,0
DA:226,0
DA:229,0
DA:230,0
DA:236,0
DA:241,0
DA:252,2
DA:253,0
DA:254,0
DA:255,0
DA:258,0
DA:259,0
DA:262,0
DA:263,0
DA:269,0
DA:274,0
DA:282,2
DA:287,0
DA:288,0
DA:289,0
DA:291,0
DA:292,0
DA:297,0
DA:299,0
DA:300,0
DA:303,0
DA:308,0
DA:310,0
DA:314,2
LF:92
LH:15
BRDA:44,0,0,0
BRDA:54,1,0,0
BRDA:64,2,0,0
BRDA:64,2,1,0
BRDA:67,3,0,0
BRDA:67,3,1,0
BRDA:67,4,0,0
BRDA:67,4,1,0
BRDA:81,5,0,0
BRDA:81,5,1,0
BRDA:89,6,0,0
BRDA:89,6,1,0
BRDA:92,7,0,0
BRDA:92,7,1,0
BRDA:95,8,0,0
BRDA:95,8,1,0
BRDA:118,9,0,0
BRDA:118,9,1,0
BRDA:118,10,0,0
BRDA:118,10,1,0
BRDA:123,11,0,0
BRDA:123,11,1,0
BRDA:123,12,0,0
BRDA:123,12,1,0
BRDA:128,13,0,0
BRDA:128,13,1,0
BRDA:128,14,0,0
BRDA:128,14,1,0
BRDA:152,15,0,0
BRDA:152,15,1,0
BRDA:160,16,0,0
BRDA:160,16,1,0
BRDA:168,17,0,0
BRDA:168,17,1,0
BRDA:196,18,0,0
BRDA:196,18,1,0
BRDA:199,19,0,0
BRDA:199,19,1,0
BRDA:199,20,0,0
BRDA:199,20,1,0
BRDA:203,21,0,0
BRDA:203,21,1,0
BRDA:225,22,0,0
BRDA:225,22,1,0
BRDA:229,23,0,0
BRDA:229,23,1,0
BRDA:254,24,0,0
BRDA:254,24,1,0
BRDA:262,25,0,0
BRDA:262,25,1,0
BRDA:291,26,0,0
BRDA:291,26,1,0
BRDA:291,27,0,0
BRDA:291,27,1,0
BRDA:299,28,0,0
BRDA:299,28,1,0
BRF:56
BRH:0
end_of_record
TN:
SF:src\middleware\errorHandler.ts
FN:17,(anonymous_0)
FN:35,(anonymous_1)
FN:45,(anonymous_2)
FN:55,(anonymous_3)
FN:78,(anonymous_4)
FN:129,(anonymous_5)
FNF:6
FNH:4
FNDA:5,(anonymous_0)
FNDA:5,(anonymous_1)
FNDA:0,(anonymous_2)
FNDA:0,(anonymous_3)
FNDA:5,(anonymous_4)
FNDA:1,(anonymous_5)
DA:6,2
DA:7,2
DA:12,2
DA:23,5
DA:24,5
DA:25,5
DA:26,5
DA:27,5
DA:34,2
DA:36,5
DA:37,5
DA:44,2
DA:46,0
DA:47,0
DA:54,2
DA:56,0
DA:57,0
DA:78,2
DA:85,5
DA:94,5
DA:95,5
DA:96,5
DA:98,5
DA:99,5
DA:100,5
DA:101,5
DA:102,0
DA:104,0
DA:105,0
DA:109,5
DA:112,5
DA:123,5
DA:129,2
DA:134,1
DA:144,1
DA:147,2
LF:36
LH:29
BRDA:19,0,0,0
BRDA:20,1,0,0
BRDA:45,2,0,0
BRDA:55,3,0,0
BRDA:98,4,0,5
BRDA:98,4,1,0
BRDA:102,5,0,0
BRDA:102,5,1,0
BRDA:109,6,0,5
BRDA:109,6,1,0
BRDA:116,7,0,5
BRDA:116,7,1,0
BRDA:117,8,0,5
BRDA:117,8,1,0
BRDA:117,9,0,5
BRDA:117,9,1,5
BRF:16
BRH:6
end_of_record
TN:
SF:src\middleware\index.ts
FNF:0
FNH:0
DA:4,2
DA:5,2
DA:6,2
DA:7,2
LF:4
LH:4
BRF:0
BRH:0
end_of_record
TN:
SF:src\middleware\requestLogger.ts
FN:24,(anonymous_0)
FN:41,(anonymous_1)
FN:58,(anonymous_2)
FN:78,(anonymous_3)
FNF:4
FNH:3
FNDA:23,(anonymous_0)
FNDA:23,(anonymous_1)
FNDA:23,(anonymous_2)
FNDA:0,(anonymous_3)
DA:6,2
DA:7,2
DA:8,2
DA:24,2
DA:29,23
DA:30,23
DA:33,23
DA:35,23
DA:41,2
DA:46,23
DA:49,23
DA:58,23
DA:59,23
DA:61,23
DA:69,23
DA:72,23
DA:78,2
DA:79,0
DA:80,0
DA:82,0
DA:83,0
DA:84,0
DA:85,0
DA:86,0
DA:88,0
DA:93,0
DA:96,2
LF:27
LH:18
BRDA:29,0,0,23
BRDA:29,0,1,23
BRDA:83,1,0,0
BRDA:83,1,1,0
BRDA:83,2,0,0
BRDA:83,2,1,0
BRDA:85,3,0,0
BRDA:85,3,1,0
BRDA:85,4,0,0
BRDA:85,4,1,0
BRF:10
BRH:2
end_of_record
TN:
SF:src\middleware\validation.ts
FN:109,(anonymous_1)
FN:129,(anonymous_2)
FNF:2
FNH:2
FNDA:15,(anonymous_1)
FNDA:9,(anonymous_2)
DA:5,3
DA:10,3
DA:109,3
DA:110,15
DA:119,3
DA:129,3
DA:130,9
DA:136,3
LF:8
LH:8
BRF:0
BRH:0
end_of_record
TN:
SF:src\models\index.ts
FNF:0
FNH:0
DA:4,3
LF:1
LH:1
BRF:0
BRH:0
end_of_record
TN:
SF:src\models\transaction.model.ts
FN:9,(anonymous_0)
FN:21,(anonymous_1)
FN:32,(anonymous_2)
FNF:3
FNH:3
FNDA:3,(anonymous_0)
FNDA:3,(anonymous_1)
FNDA:3,(anonymous_2)
DA:9,3
DA:10,3
DA:11,3
DA:12,3
DA:13,3
DA:14,3
DA:15,3
DA:21,3
DA:22,3
DA:23,3
DA:24,3
DA:25,3
DA:26,3
DA:32,3
DA:33,3
DA:34,3
DA:35,3
DA:36,3
DA:37,3
DA:38,3
DA:39,3
DA:45,3
LF:22
LH:22
BRDA:9,0,0,3
BRDA:9,0,1,3
BRDA:21,1,0,3
BRDA:21,1,1,3
BRDA:32,2,0,3
BRDA:32,2,1,3
BRF:6
BRH:6
end_of_record
TN:
SF:src\routes\health.routes.ts
FNF:0
FNH:0
DA:4,2
DA:5,2
DA:14,2
DA:20,2
DA:26,2
DA:32,2
DA:38,2
DA:44,2
DA:46,2
LF:9
LH:9
BRF:0
BRH:0
end_of_record
TN:
SF:src\routes\index.ts
FNF:0
FNH:0
DA:4,2
DA:5,2
DA:6,2
DA:7,2
DA:9,2
DA:12,2
DA:15,2
DA:18,2
DA:20,2
LF:9
LH:9
BRF:0
BRH:0
end_of_record
TN:
SF:src\routes\transaction.routes.ts
FNF:0
FNH:0
DA:4,2
DA:5,2
DA:12,2
DA:18,2
DA:24,2
DA:30,2
DA:36,2
DA:38,2
LF:8
LH:8
BRF:0
BRH:0
end_of_record
TN:
SF:src\services\health.service.ts
FN:22,(anonymous_1)
FN:27,(anonymous_2)
FN:43,(anonymous_3)
FN:50,(anonymous_4)
FN:71,(anonymous_5)
FN:118,(anonymous_6)
FN:131,(anonymous_7)
FN:173,(anonymous_8)
FN:212,(anonymous_9)
FN:234,(anonymous_10)
FN:237,(anonymous_11)
FN:258,(anonymous_12)
FN:263,(anonymous_13)
FN:264,(anonymous_14)
FN:265,(anonymous_15)
FN:281,(anonymous_16)
FNF:16
FNH:14
FNDA:0,(anonymous_1)
FNDA:0,(anonymous_2)
FNDA:1,(anonymous_3)
FNDA:1,(anonymous_4)
FNDA:3,(anonymous_5)
FNDA:1,(anonymous_6)
FNDA:4,(anonymous_7)
FNDA:4,(anonymous_8)
FNDA:3,(anonymous_9)
FNDA:3,(anonymous_10)
FNDA:3,(anonymous_11)
FNDA:3,(anonymous_12)
FNDA:84,(anonymous_13)
FNDA:87,(anonymous_14)
FNDA:108,(anonymous_15)
FNDA:1,(anonymous_16)
DA:5,2
DA:6,2
DA:7,2
DA:8,2
DA:10,2
DA:11,2
DA:14,2
DA:17,2
DA:22,2
DA:23,0
DA:24,0
DA:27,0
DA:29,0
DA:30,0
DA:32,0
DA:39,2
DA:44,1
DA:51,1
DA:53,1
DA:55,1
DA:56,1
DA:59,0
DA:61,0
DA:72,3
DA:73,3
DA:76,3
DA:77,3
DA:78,3
DA:79,0
DA:82,3
DA:86,3
DA:87,3
DA:88,0
DA:92,3
DA:93,3
DA:94,3
DA:97,3
DA:98,3
DA:99,3
DA:100,0
DA:103,3
DA:105,3
DA:119,1
DA:120,0
DA:121,0
DA:122,0
DA:124,0
DA:132,4
DA:133,4
DA:134,4
DA:135,4
DA:142,0
DA:143,0
DA:145,0
DA:146,0
DA:154,0
DA:161,0
DA:177,4
DA:178,4
DA:179,4
DA:182,0
DA:184,0
DA:185,0
DA:193,0
DA:200,4
DA:213,3
DA:216,3
DA:217,3
DA:218,3
DA:220,3
DA:221,3
DA:222,3
DA:224,3
DA:235,3
DA:236,3
DA:237,3
DA:240,3
DA:241,3
DA:248,0
DA:259,3
DA:260,3
DA:263,84
DA:264,87
DA:265,108
DA:268,3
DA:274,0
DA:282,1
DA:283,1
DA:286,1
DA:287,1
DA:298,1
DA:299,1
DA:300,1
DA:310,1
DA:315,2
DA:316,2
LF:96
LH:69
BRDA:55,0,0,1
BRDA:55,0,1,0
BRDA:63,1,0,0
BRDA:63,1,1,0
BRDA:78,2,0,3
BRDA:78,2,1,0
BRDA:79,3,0,0
BRDA:79,3,1,0
BRDA:87,4,0,0
BRDA:87,4,1,3
BRDA:87,5,0,3
BRDA:87,5,1,3
BRDA:94,6,0,0
BRDA:94,6,1,3
BRDA:99,7,0,0
BRDA:99,7,1,3
BRDA:99,8,0,3
BRDA:99,8,1,0
BRDA:107,9,0,3
BRDA:107,9,1,0
BRDA:119,10,0,1
BRDA:119,10,1,0
BRDA:134,11,0,4
BRDA:134,11,1,0
BRDA:145,12,0,0
BRDA:145,12,1,0
BRDA:148,13,0,0
BRDA:148,13,1,0
BRDA:149,14,0,0
BRDA:149,14,1,0
BRDA:164,15,0,0
BRDA:164,15,1,0
BRDA:184,16,0,0
BRDA:184,16,1,0
BRDA:187,17,0,0
BRDA:187,17,1,0
BRDA:188,18,0,0
BRDA:188,18,1,0
BRDA:203,19,0,4
BRDA:203,19,1,0
BRDA:221,20,0,0
BRDA:221,20,1,3
BRDA:222,21,0,0
BRDA:222,21,1,3
BRDA:240,22,0,3
BRDA:240,22,1,0
BRDA:290,23,0,0
BRDA:290,23,1,1
BRDA:291,24,0,0
BRDA:291,24,1,1
BRDA:292,25,0,1
BRDA:292,25,1,1
BRDA:303,26,0,0
BRDA:303,26,1,1
BRDA:304,27,0,0
BRDA:304,27,1,1
BRDA:305,28,0,1
BRDA:305,28,1,0
BRDA:307,29,0,1
BRDA:307,29,1,0
BRF:60
BRH:23
end_of_record
TN:
SF:src\services\routing.service.ts
FN:62,(anonymous_0)
FN:92,(anonymous_1)
FN:111,(anonymous_2)
FN:147,(anonymous_3)
FN:222,(anonymous_4)
FN:249,(anonymous_5)
FN:258,(anonymous_6)
FN:271,(anonymous_7)
FN:277,(anonymous_8)
FNF:9
FNH:8
FNDA:21,(anonymous_0)
FNDA:11,(anonymous_1)
FNDA:4,(anonymous_2)
FNDA:2,(anonymous_3)
FNDA:2,(anonymous_4)
FNDA:27,(anonymous_5)
FNDA:2,(anonymous_6)
FNDA:3,(anonymous_7)
FNDA:0,(anonymous_8)
DA:5,3
DA:6,3
DA:7,3
DA:8,3
DA:9,3
DA:10,3
DA:23,3
DA:50,3
DA:53,3
DA:58,3
DA:64,21
DA:67,21
DA:68,21
DA:70,21
DA:71,294
DA:72,17
DA:73,17
DA:77,21
DA:78,17
DA:82,17
DA:85,4
DA:86,4
DA:93,11
DA:95,11
DA:96,11
DA:98,11
DA:99,154
DA:100,8
DA:101,8
DA:105,11
DA:112,4
DA:113,4
DA:114,4
DA:116,4
DA:126,4
DA:135,4
DA:141,4
DA:148,2
DA:151,2
DA:154,2
DA:155,0
DA:158,2
DA:161,2
DA:177,2
DA:187,0
DA:189,0
DA:197,0
DA:205,2
DA:207,2
DA:214,2
DA:215,2
DA:228,2
DA:234,2
DA:250,27
DA:251,27
DA:252,27
DA:259,2
DA:272,3
DA:280,0
DA:288,3
DA:289,3
LF:61
LH:56
BRDA:71,0,0,17
BRDA:71,0,1,277
BRDA:71,1,0,294
BRDA:71,1,1,27
BRDA:77,2,0,17
BRDA:77,2,1,4
BRDA:99,3,0,8
BRDA:99,3,1,146
BRDA:99,4,0,154
BRDA:99,4,1,15
BRDA:120,5,0,3
BRDA:120,5,1,1
BRDA:129,6,0,4
BRDA:129,6,1,1
BRDA:137,7,0,4
BRDA:137,7,1,1
BRDA:154,8,0,0
BRDA:154,8,1,2
BRDA:162,9,0,2
BRDA:162,9,1,2
BRDA:168,10,0,2
BRDA:168,10,1,2
BRDA:205,11,0,2
BRDA:205,11,1,0
BRDA:214,12,0,0
BRDA:214,12,1,2
BRDA:238,13,0,2
BRDA:238,13,1,0
BRDA:251,14,0,0
BRDA:251,14,1,27
BRF:30
BRH:25
end_of_record
TN:
SF:src\utils\circuitBreaker.ts
FN:27,(anonymous_1)
FN:37,(anonymous_2)
FN:44,(anonymous_3)
FN:49,(anonymous_4)
FN:54,(anonymous_5)
FN:59,(anonymous_6)
FN:63,(anonymous_7)
FN:67,(anonymous_8)
FN:81,(anonymous_9)
FN:88,(anonymous_10)
FN:110,(anonymous_11)
FN:112,(anonymous_12)
FN:121,(anonymous_13)
FNF:13
FNH:6
FNDA:3,(anonymous_1)
FNDA:2,(anonymous_2)
FNDA:0,(anonymous_3)
FNDA:0,(anonymous_4)
FNDA:0,(anonymous_5)
FNDA:0,(anonymous_6)
FNDA:0,(anonymous_7)
FNDA:0,(anonymous_8)
FNDA:0,(anonymous_9)
FNDA:5,(anonymous_10)
FNDA:5,(anonymous_11)
FNDA:5,(anonymous_12)
FNDA:2,(anonymous_13)
DA:5,3
DA:6,3
DA:7,3
DA:8,3
DA:9,3
DA:12,3
DA:22,3
DA:27,3
DA:31,3
DA:32,3
DA:33,0
DA:36,3
DA:38,2
DA:44,3
DA:45,0
DA:46,0
DA:49,3
DA:50,0
DA:51,0
DA:54,3
DA:55,0
DA:56,0
DA:59,3
DA:60,0
DA:63,3
DA:64,0
DA:67,3
DA:68,0
DA:72,3
DA:73,3
DA:75,3
DA:81,3
DA:82,0
DA:88,3
DA:89,5
DA:90,5
DA:91,0
DA:94,5
DA:110,3
DA:111,5
DA:112,5
DA:113,5
DA:115,5
DA:121,3
DA:125,2
DA:127,2
DA:128,0
DA:131,2
DA:132,2
DA:134,2
DA:135,0
DA:137,2
DA:141,3
LF:53
LH:39
BRDA:32,0,0,0
BRDA:32,0,1,3
BRDA:90,1,0,0
BRDA:90,1,1,5
BRDA:96,2,0,0
BRDA:96,2,1,5
BRDA:96,3,0,0
BRDA:96,3,1,5
BRDA:127,4,0,0
BRDA:127,4,1,2
BRDA:134,5,0,0
BRDA:134,5,1,2
BRDA:134,6,0,2
BRDA:134,6,1,2
BRF:14
BRH:8
end_of_record
TN:
SF:src\utils\logger.ts
FN:12,(anonymous_1)
FN:42,(anonymous_2)
FN:51,(anonymous_3)
FN:52,(anonymous_4)
FN:53,(anonymous_5)
FN:54,(anonymous_6)
FNF:6
FNH:2
FNDA:90,(anonymous_1)
FNDA:23,(anonymous_2)
FNDA:0,(anonymous_3)
FNDA:0,(anonymous_4)
FNDA:0,(anonymous_5)
FNDA:0,(anonymous_6)
DA:5,3
DA:7,3
DA:9,3
DA:12,3
DA:13,90
DA:14,90
DA:15,90
DA:19,3
DA:42,3
DA:43,23
DA:50,3
DA:51,0
DA:52,0
DA:53,0
DA:54,0
DA:57,3
LF:16
LH:12
BRDA:14,0,0,90
BRDA:14,0,1,0
BRDA:23,1,0,3
BRDA:23,1,1,0
BRDA:32,2,0,0
BRDA:32,2,1,3
BRF:6
BRH:3
end_of_record
TN:
SF:src\utils\metrics.ts
FN:103,(anonymous_9)
FN:116,(anonymous_10)
FN:126,(anonymous_11)
FN:134,(anonymous_12)
FN:142,(anonymous_13)
FN:147,(anonymous_14)
FNF:6
FNH:6
FNDA:23,(anonymous_9)
FNDA:2,(anonymous_10)
FNDA:4,(anonymous_11)
FNDA:3,(anonymous_12)
FNDA:5,(anonymous_13)
FNDA:2,(anonymous_14)
DA:5,3
DA:6,3
DA:9,3
DA:12,3
DA:18,3
DA:19,3
DA:27,3
DA:35,3
DA:44,3
DA:52,3
DA:61,3
DA:69,3
DA:77,3
DA:84,3
DA:92,3
DA:103,3
DA:109,23
DA:110,23
DA:116,3
DA:122,2
DA:123,2
DA:126,3
DA:131,4
DA:134,3
DA:138,3
DA:139,3
DA:142,3
DA:143,5
DA:147,3
DA:148,2
DA:151,3
LF:31
LH:31
BRDA:18,0,0,3
BRDA:18,0,1,0
BRF:2
BRH:1
end_of_record
TN:
SF:src\utils\retry.ts
FN:14,(anonymous_10)
FN:28,(anonymous_11)
FN:34,(anonymous_12)
FN:50,(anonymous_13)
FN:64,(anonymous_14)
FN:71,(anonymous_15)
FN:86,(anonymous_16)
FN:100,(anonymous_17)
FN:136,(anonymous_18)
FN:137,(anonymous_19)
FN:143,(anonymous_20)
FNF:11
FNH:1
FNDA:3,(anonymous_10)
FNDA:0,(anonymous_11)
FNDA:0,(anonymous_12)
FNDA:0,(anonymous_13)
FNDA:0,(anonymous_14)
FNDA:0,(anonymous_15)
FNDA:0,(anonymous_16)
FNDA:0,(anonymous_17)
FNDA:0,(anonymous_18)
FNDA:0,(anonymous_19)
FNDA:0,(anonymous_20)
DA:5,3
DA:6,3
DA:7,3
DA:8,3
DA:9,3
DA:14,3
DA:18,3
DA:26,3
DA:29,0
DA:30,0
DA:31,0
DA:32,0
DA:37,0
DA:41,0
DA:42,0
DA:48,0
DA:51,0
DA:52,0
DA:60,3
DA:63,3
DA:65,0
DA:69,0
DA:72,0
DA:76,0
DA:80,3
DA:86,3
DA:100,0
DA:102,0
DA:104,0
DA:106,0
DA:107,0
DA:108,0
DA:110,0
DA:112,0
DA:113,0
DA:116,0
DA:118,0
DA:119,0
DA:122,0
DA:126,0
DA:130,0
DA:136,3
DA:137,0
DA:143,3
DA:148,0
DA:149,0
DA:150,0
DA:153,3
LF:48
LH:15
BRDA:37,0,0,0
BRDA:37,0,1,0
BRDA:37,0,2,0
BRDA:37,0,3,0
BRDA:41,1,0,0
BRDA:41,1,1,0
BRDA:88,2,0,0
BRDA:97,3,0,0
BRDA:98,4,0,0
BRDA:99,5,0,0
BRDA:100,6,0,0
BRDA:110,7,0,0
BRDA:110,7,1,0
BRDA:112,8,0,0
BRDA:112,8,1,0
BRDA:112,9,0,0
BRDA:112,9,1,0
BRDA:118,10,0,0
BRDA:118,10,1,0
BRDA:145,11,0,0
BRDA:146,12,0,0
BRF:21
BRH:0
end_of_record
