TN:
SF:src\config\index.ts
FNF:0
FNH:0
DA:1,0
DA:2,0
DA:4,0
LF:3
LH:0
BRDA:5,0,0,0
BRDA:5,0,1,0
BRDA:6,1,0,0
BRDA:6,1,1,0
BRF:4
BRH:0
end_of_record
TN:
SF:src\controllers\crypto.controller.ts
FN:4,(anonymous_9)
FN:22,(anonymous_10)
FN:34,(anonymous_11)
FN:52,(anonymous_12)
FN:64,(anonymous_13)
FN:87,(anonymous_14)
FNF:6
FNH:0
FNDA:0,(anonymous_9)
FNDA:0,(anonymous_10)
FNDA:0,(anonymous_11)
FNDA:0,(anonymous_12)
FNDA:0,(anonymous_13)
FNDA:0,(anonymous_14)
DA:2,0
DA:4,0
DA:5,0
DA:7,0
DA:8,0
DA:9,0
DA:12,0
DA:13,0
DA:22,0
DA:23,0
DA:25,0
DA:26,0
DA:27,0
DA:30,0
DA:31,0
DA:34,0
DA:35,0
DA:37,0
DA:38,0
DA:39,0
DA:42,0
DA:43,0
DA:52,0
DA:53,0
DA:55,0
DA:56,0
DA:57,0
DA:60,0
DA:61,0
DA:64,0
DA:65,0
DA:67,0
DA:68,0
DA:69,0
DA:72,0
DA:73,0
DA:87,0
DA:88,0
DA:90,0
DA:91,0
DA:92,0
DA:95,0
DA:96,0
LF:43
LH:0
BRDA:7,0,0,0
BRDA:7,1,0,0
BRDA:7,1,1,0
BRDA:25,2,0,0
BRDA:25,3,0,0
BRDA:25,3,1,0
BRDA:37,4,0,0
BRDA:37,5,0,0
BRDA:37,5,1,0
BRDA:55,6,0,0
BRDA:55,7,0,0
BRDA:55,7,1,0
BRDA:55,7,2,0
BRDA:67,8,0,0
BRDA:67,9,0,0
BRDA:67,9,1,0
BRDA:72,10,0,0
BRDA:72,10,1,0
BRDA:90,11,0,0
BRDA:90,12,0,0
BRDA:90,12,1,0
BRDA:95,13,0,0
BRDA:95,13,1,0
BRDA:95,14,0,0
BRDA:95,14,1,0
BRF:25
BRH:0
end_of_record
TN:
SF:src\middleware\auth.middleware.ts
FN:7,(anonymous_0)
FNF:1
FNH:0
FNDA:0,(anonymous_0)
DA:7,0
DA:10,0
DA:12,0
DA:13,0
DA:14,0
DA:17,0
LF:6
LH:0
BRDA:12,0,0,0
BRDA:12,1,0,0
BRDA:12,1,1,0
BRF:3
BRH:0
end_of_record
TN:
SF:src\routes\crypto.routes.ts
FN:8,(anonymous_9)
FNF:1
FNH:0
FNDA:0,(anonymous_9)
DA:1,0
DA:3,0
DA:4,0
DA:6,0
DA:8,0
DA:9,0
DA:13,0
DA:16,0
DA:17,0
DA:20,0
DA:23,0
DA:25,0
LF:12
LH:0
BRF:0
BRH:0
end_of_record
TN:
SF:src\services\crypto.service.ts
FN:17,(anonymous_9)
FN:50,(anonymous_10)
FN:88,(anonymous_11)
FN:114,(anonymous_12)
FN:135,(anonymous_13)
FN:184,(anonymous_14)
FN:220,getIvLength
FN:226,xorHex
FNF:8
FNH:8
FNDA:3,(anonymous_9)
FNDA:1,(anonymous_10)
FNDA:9,(anonymous_11)
FNDA:2,(anonymous_12)
FNDA:4,(anonymous_13)
FNDA:5,(anonymous_14)
FNDA:4,getIvLength
FNDA:4,xorHex
DA:1,1
DA:17,1
DA:18,3
DA:19,3
DA:20,3
DA:22,3
DA:26,3
DA:27,3
DA:29,3
DA:31,3
DA:43,0
DA:50,1
DA:51,1
DA:52,1
DA:53,1
DA:55,1
DA:56,1
DA:58,1
DA:59,1
DA:60,1
DA:63,1
DA:67,1
DA:68,1
DA:70,1
DA:81,0
DA:88,1
DA:89,9
DA:90,9
DA:91,9
DA:92,9
DA:93,9
DA:95,9
DA:107,0
DA:114,1
DA:115,2
DA:116,2
DA:117,0
DA:120,2
DA:121,2
DA:135,1
DA:136,4
DA:137,4
DA:138,0
DA:143,4
DA:145,4
DA:146,4
DA:148,4
DA:150,4
DA:163,0
DA:164,0
DA:166,0
DA:177,0
DA:184,1
DA:185,5
DA:186,5
DA:187,5
DA:189,5
DA:190,5
DA:191,5
DA:194,5
DA:195,5
DA:196,25
DA:197,15
DA:198,15
DA:202,5
DA:204,5
DA:215,0
DA:221,4
DA:222,0
DA:223,0
DA:227,4
DA:228,4
DA:229,4
DA:230,4
DA:231,32
DA:233,4
LF:76
LH:64
BRDA:17,0,0,0
BRDA:20,1,0,0
BRDA:20,1,1,3
BRDA:22,2,0,3
BRDA:22,2,1,0
BRDA:29,3,0,3
BRDA:29,3,1,0
BRDA:37,4,0,3
BRDA:37,4,1,0
BRDA:39,5,0,3
BRDA:39,5,1,0
BRDA:50,6,0,0
BRDA:58,7,0,1
BRDA:63,8,0,1
BRDA:63,8,1,0
BRDA:76,9,0,1
BRDA:76,9,1,0
BRDA:88,10,0,0
BRDA:114,11,0,0
BRDA:116,12,0,0
BRDA:123,13,0,1
BRDA:123,13,1,1
BRDA:127,14,0,1
BRDA:127,14,1,1
BRDA:135,15,0,0
BRDA:137,16,0,0
BRDA:137,17,0,4
BRDA:137,17,1,4
BRDA:143,18,0,4
BRDA:196,19,0,15
BRDA:198,20,0,5
BRDA:202,21,0,0
BRDA:221,22,0,4
BRDA:222,23,0,0
BRF:34
BRH:18
end_of_record
