TN:
SF:src\config\index.ts
FNF:0
FNH:0
DA:1,0
DA:2,0
DA:4,0
LF:3
LH:0
BRDA:5,0,0,0
BRDA:5,0,1,0
BRDA:6,1,0,0
BRDA:6,1,1,0
BRDA:9,2,0,0
BRDA:9,2,1,0
BRDA:10,3,0,0
BRDA:10,3,1,0
BRDA:11,4,0,0
BRDA:11,4,1,0
BRDA:12,5,0,0
BRDA:12,5,1,0
BRDA:13,6,0,0
BRDA:13,6,1,0
BRF:14
BRH:0
end_of_record
TN:
SF:src\controllers\card.controller.ts
FN:8,(anonymous_9)
FN:53,(anonymous_10)
FN:74,(anonymous_11)
FN:104,(anonymous_12)
FN:140,(anonymous_13)
FN:162,(anonymous_14)
FN:200,(anonymous_15)
FNF:7
FNH:0
FNDA:0,(anonymous_9)
FNDA:0,(anonymous_10)
FNDA:0,(anonymous_11)
FNDA:0,(anonymous_12)
FNDA:0,(anonymous_13)
FNDA:0,(anonymous_14)
FNDA:0,(anonymous_15)
DA:2,0
DA:3,0
DA:8,0
DA:9,0
DA:10,0
DA:12,0
DA:13,0
DA:17,0
DA:20,0
DA:22,0
DA:42,0
DA:53,0
DA:54,0
DA:55,0
DA:57,0
DA:59,0
DA:74,0
DA:75,0
DA:77,0
DA:79,0
DA:80,0
DA:84,0
DA:87,0
DA:104,0
DA:105,0
DA:106,0
DA:108,0
DA:109,0
DA:110,0
DA:114,0
DA:117,0
DA:119,0
DA:120,0
DA:124,0
DA:127,0
DA:140,0
DA:141,0
DA:143,0
DA:145,0
DA:146,0
DA:150,0
DA:153,0
DA:162,0
DA:163,0
DA:165,0
DA:166,0
DA:170,0
DA:173,0
DA:174,0
DA:176,0
DA:200,0
DA:201,0
DA:203,0
DA:204,0
DA:208,0
DA:211,0
DA:213,0
LF:57
LH:0
BRDA:12,0,0,0
BRDA:54,1,0,0
BRDA:54,1,1,0
BRDA:55,2,0,0
BRDA:55,2,1,0
BRDA:79,3,0,0
BRDA:96,4,0,0
BRDA:96,4,1,0
BRDA:109,5,0,0
BRDA:119,6,0,0
BRDA:145,7,0,0
BRDA:165,8,0,0
BRDA:203,9,0,0
BRDA:203,10,0,0
BRDA:203,10,1,0
BRDA:203,10,2,0
BRDA:203,10,3,0
BRDA:216,11,0,0
BRDA:216,11,1,0
BRF:19
BRH:0
end_of_record
TN:
SF:src\routes\card.routes.ts
FN:7,(anonymous_9)
FNF:1
FNH:0
FNDA:0,(anonymous_9)
DA:1,0
DA:2,0
DA:4,0
DA:7,0
DA:8,0
DA:16,0
DA:17,0
DA:18,0
DA:19,0
DA:20,0
DA:23,0
DA:24,0
DA:26,0
LF:13
LH:0
BRF:0
BRH:0
end_of_record
TN:
SF:src\services\card.service.ts
FN:30,(anonymous_0)
FN:78,(anonymous_1)
FN:94,(anonymous_2)
FN:101,(anonymous_3)
FN:112,(anonymous_4)
FN:143,(anonymous_5)
FN:149,(anonymous_6)
FN:163,(anonymous_7)
FN:170,(anonymous_8)
FN:184,(anonymous_9)
FN:191,(anonymous_10)
FNF:11
FNH:0
FNDA:0,(anonymous_0)
FNDA:0,(anonymous_1)
FNDA:0,(anonymous_2)
FNDA:0,(anonymous_3)
FNDA:0,(anonymous_4)
FNDA:0,(anonymous_5)
FNDA:0,(anonymous_6)
FNDA:0,(anonymous_7)
FNDA:0,(anonymous_8)
FNDA:0,(anonymous_9)
FNDA:0,(anonymous_10)
DA:1,0
DA:2,0
DA:3,0
DA:27,0
DA:30,0
DA:31,0
DA:78,0
DA:79,0
DA:80,0
DA:89,0
DA:94,0
DA:95,0
DA:101,0
DA:102,0
DA:103,0
DA:112,0
DA:113,0
DA:114,0
DA:115,0
DA:117,0
DA:118,0
DA:119,0
DA:121,0
DA:136,0
DA:137,0
DA:143,0
DA:144,0
DA:145,0
DA:146,0
DA:149,0
DA:154,0
DA:163,0
DA:164,0
DA:170,0
DA:171,0
DA:172,0
DA:174,0
DA:175,0
DA:176,0
DA:178,0
DA:184,0
DA:185,0
DA:191,0
DA:197,0
DA:198,0
DA:201,0
DA:202,0
DA:203,0
DA:206,0
DA:207,0
DA:210,0
DA:211,0
DA:214,0
DA:215,0
DA:219,0
DA:220,0
DA:221,0
DA:222,0
DA:225,0
LF:59
LH:0
BRDA:113,0,0,0
BRDA:113,0,1,0
BRDA:131,1,0,0
BRDA:131,1,1,0
BRDA:143,2,0,0
BRDA:143,3,0,0
BRDA:164,4,0,0
BRDA:164,4,1,0
BRDA:172,5,0,0
BRDA:197,6,0,0
BRDA:202,7,0,0
BRDA:206,8,0,0
BRDA:210,9,0,0
BRDA:210,10,0,0
BRDA:210,10,1,0
BRDA:214,11,0,0
BRDA:221,12,0,0
BRF:17
BRH:0
end_of_record
TN:
SF:src\services\luhn.service.ts
FN:9,(anonymous_0)
FN:38,(anonymous_1)
FN:63,(anonymous_2)
FN:78,(anonymous_3)
FN:94,(anonymous_4)
FNF:5
FNH:4
FNDA:6,(anonymous_0)
FNDA:4,(anonymous_1)
FNDA:4,(anonymous_2)
FNDA:5,(anonymous_3)
FNDA:0,(anonymous_4)
DA:9,1
DA:10,6
DA:11,6
DA:12,2
DA:15,4
DA:16,4
DA:18,4
DA:19,63
DA:21,63
DA:22,31
DA:23,31
DA:24,1
DA:28,63
DA:29,63
DA:32,4
DA:38,1
DA:39,4
DA:40,4
DA:41,4
DA:43,4
DA:44,38
DA:46,38
DA:47,21
DA:48,21
DA:49,10
DA:53,38
DA:54,38
DA:57,4
DA:63,1
DA:64,4
DA:65,4
DA:67,4
DA:68,38
DA:71,4
DA:72,4
DA:78,1
DA:79,5
DA:80,5
DA:81,5
DA:83,5
DA:84,4
DA:85,3
DA:86,1
DA:88,1
DA:94,1
DA:95,0
DA:96,0
DA:97,0
DA:98,0
DA:99,0
LF:50
LH:45
BRDA:11,0,0,2
BRDA:11,1,0,6
BRDA:11,1,1,4
BRDA:21,2,0,31
BRDA:23,3,0,1
BRDA:46,4,0,21
BRDA:48,5,0,10
BRDA:63,6,0,4
BRDA:83,7,0,1
BRDA:84,8,0,1
BRDA:85,9,0,2
BRDA:86,10,0,0
BRDA:86,11,0,1
BRDA:86,11,1,1
BRDA:95,12,0,0
BRF:15
BRH:13
end_of_record
TN:
SF:src\utils\logger.ts
FN:7,(anonymous_1)
FN:27,(anonymous_2)
FNF:2
FNH:0
FNDA:0,(anonymous_1)
FNDA:0,(anonymous_2)
DA:1,0
DA:2,0
DA:4,0
DA:8,0
DA:9,0
DA:10,0
DA:14,0
DA:27,0
DA:28,0
LF:9
LH:0
BRDA:8,0,0,0
BRDA:8,0,1,0
BRDA:9,1,0,0
BRDA:9,1,1,0
BRDA:15,2,0,0
BRDA:15,2,1,0
BRF:6
BRH:0
end_of_record
