TN:
SF:src\services\card.service.ts
FN:36,(anonymous_0)
FN:43,(anonymous_1)
FN:54,(anonymous_2)
FN:134,(anonymous_3)
FN:145,(anonymous_4)
FN:168,(anonymous_5)
FN:195,(anonymous_6)
FN:223,(anonymous_7)
FN:231,(anonymous_8)
FNF:9
FNH:8
FNDA:1,(anonymous_0)
FNDA:1,(anonymous_1)
FNDA:1,(anonymous_2)
FNDA:1,(anonymous_3)
FNDA:20,(anonymous_4)
FNDA:2,(anonymous_5)
FNDA:1,(anonymous_6)
FNDA:0,(anonymous_7)
FNDA:2,(anonymous_8)
DA:2,1
DA:3,1
DA:4,1
DA:36,1
DA:37,1
DA:43,1
DA:44,1
DA:45,1
DA:54,1
DA:55,1
DA:56,1
DA:57,1
DA:60,1
DA:61,1
DA:62,1
DA:64,1
DA:65,1
DA:66,1
DA:67,1
DA:68,1
DA:70,1
DA:73,1
DA:74,0
DA:77,1
DA:78,1
DA:88,1
DA:89,1
DA:91,1
DA:110,1
DA:113,1
DA:134,1
DA:135,1
DA:137,1
DA:138,1
DA:140,1
DA:145,20
DA:162,1
DA:168,1
DA:169,2
DA:171,2
DA:172,1
DA:174,1
DA:195,1
DA:196,1
DA:201,1
DA:202,1
DA:204,1
DA:223,1
DA:224,0
DA:225,0
DA:231,1
DA:237,2
DA:238,0
DA:241,2
DA:243,2
DA:244,0
DA:247,2
DA:250,2
DA:251,2
DA:252,1
DA:256,1
DA:257,0
DA:260,1
DA:261,0
DA:265,1
DA:266,1
DA:267,1
DA:268,0
DA:271,1
DA:286,1
LF:70
LH:62
BRDA:55,0,0,1
BRDA:55,0,1,0
BRDA:64,1,0,2
BRDA:64,1,1,1
BRDA:67,2,0,1
BRDA:73,3,0,0
BRDA:103,4,0,1
BRDA:103,4,1,1
BRDA:104,5,0,1
BRDA:104,5,1,1
BRDA:106,6,0,1
BRDA:106,6,1,1
BRDA:123,7,0,1
BRDA:123,7,1,1
BRDA:134,8,0,0
BRDA:134,9,0,0
BRDA:171,10,0,1
BRDA:201,11,0,0
BRDA:225,12,0,0
BRDA:225,12,1,0
BRDA:237,13,0,0
BRDA:243,14,0,0
BRDA:243,15,0,2
BRDA:243,15,1,2
BRDA:243,16,0,2
BRDA:243,16,1,0
BRDA:251,17,0,1
BRDA:251,18,0,2
BRDA:251,18,1,2
BRDA:251,18,2,1
BRDA:256,19,0,0
BRDA:256,20,0,1
BRDA:256,20,1,1
BRDA:260,21,0,0
BRDA:267,22,0,0
BRF:35
BRH:22
end_of_record
TN:
SF:src\services\luhn.service.ts
FN:9,(anonymous_0)
FN:38,(anonymous_1)
FN:63,(anonymous_2)
FN:88,(anonymous_3)
FN:104,(anonymous_4)
FNF:5
FNH:5
FNDA:10,(anonymous_0)
FNDA:5,(anonymous_1)
FNDA:5,(anonymous_2)
FNDA:5,(anonymous_3)
FNDA:24,(anonymous_4)
DA:9,2
DA:10,10
DA:11,10
DA:12,2
DA:15,8
DA:16,8
DA:18,8
DA:19,127
DA:21,127
DA:22,63
DA:23,63
DA:24,11
DA:28,127
DA:29,127
DA:32,8
DA:38,2
DA:39,5
DA:40,5
DA:41,5
DA:43,5
DA:44,75
DA:46,75
DA:47,40
DA:48,40
DA:49,16
DA:53,75
DA:54,75
DA:57,5
DA:63,2
DA:64,5
DA:65,5
DA:74,5
DA:75,5
DA:77,5
DA:78,67
DA:81,5
DA:82,5
DA:88,2
DA:89,5
DA:90,5
DA:91,5
DA:93,5
DA:94,4
DA:95,3
DA:96,1
DA:98,1
DA:104,2
DA:105,24
DA:106,24
DA:107,24
DA:108,24
DA:109,24
LF:52
LH:52
BRDA:11,0,0,2
BRDA:11,1,0,10
BRDA:11,1,1,8
BRDA:21,2,0,63
BRDA:23,3,0,11
BRDA:46,4,0,40
BRDA:48,5,0,16
BRDA:63,6,0,4
BRDA:65,7,0,1
BRDA:65,7,1,4
BRDA:67,8,0,4
BRDA:67,8,1,0
BRDA:93,9,0,1
BRDA:94,10,0,1
BRDA:95,11,0,2
BRDA:96,12,0,0
BRDA:96,13,0,1
BRDA:96,13,1,1
BRDA:105,14,0,0
BRF:19
BRH:16
end_of_record
