TN:
SF:src\config\index.ts
FNF:0
FNH:0
DA:1,1
DA:2,1
DA:4,1
LF:3
LH:3
BRDA:5,0,0,1
BRDA:5,0,1,1
BRDA:6,1,0,1
BRDA:6,1,1,0
BRF:4
BRH:3
end_of_record
TN:
SF:src\controllers\fraud.controller.ts
FN:4,(anonymous_9)
FN:30,(anonymous_10)
FN:35,(anonymous_11)
FN:44,(anonymous_12)
FNF:4
FNH:0
FNDA:0,(anonymous_9)
FNDA:0,(anonymous_10)
FNDA:0,(anonymous_11)
FNDA:0,(anonymous_12)
DA:2,0
DA:4,0
DA:5,0
DA:7,0
DA:8,0
DA:9,0
DA:12,0
DA:14,0
DA:30,0
DA:31,0
DA:32,0
DA:35,0
DA:36,0
DA:37,0
DA:38,0
DA:39,0
DA:41,0
DA:44,0
DA:45,0
LF:19
LH:0
BRDA:7,0,0,0
BRDA:7,1,0,0
BRDA:7,1,1,0
BRDA:37,2,0,0
BRF:4
BRH:0
end_of_record
TN:
SF:src\routes\fraud.routes.ts
FN:6,(anonymous_9)
FNF:1
FNH:0
FNDA:0,(anonymous_9)
DA:1,0
DA:2,0
DA:4,0
DA:6,0
DA:7,0
DA:10,0
DA:11,0
DA:12,0
DA:13,0
DA:15,0
LF:10
LH:0
BRF:0
BRH:0
end_of_record
TN:
SF:src\services\fraud.service.ts
FN:36,(anonymous_0)
FN:45,(anonymous_1)
FN:124,(anonymous_2)
FN:126,(anonymous_3)
FN:134,(anonymous_4)
FN:135,(anonymous_5)
FN:146,(anonymous_6)
FN:147,(anonymous_7)
FN:151,(anonymous_8)
FNF:9
FNH:3
FNDA:9,(anonymous_0)
FNDA:36,(anonymous_1)
FNDA:2,(anonymous_2)
FNDA:0,(anonymous_3)
FNDA:0,(anonymous_4)
FNDA:0,(anonymous_5)
FNDA:0,(anonymous_6)
FNDA:0,(anonymous_7)
FNDA:0,(anonymous_8)
DA:1,1
DA:30,1
DA:31,1
DA:36,1
DA:37,9
DA:38,9
DA:40,9
DA:41,9
DA:44,9
DA:45,36
DA:47,9
DA:48,4
DA:49,4
DA:50,5
DA:51,2
DA:52,2
DA:56,9
DA:57,4
DA:58,4
DA:59,5
DA:60,0
DA:61,0
DA:65,9
DA:66,3
DA:67,3
DA:71,9
DA:72,3
DA:73,3
DA:77,9
DA:78,0
DA:79,0
DA:83,9
DA:84,9
DA:87,9
DA:91,9
DA:93,9
DA:97,9
DA:98,3
DA:106,3
DA:107,3
DA:110,9
DA:112,9
DA:124,1
DA:125,2
DA:126,0
DA:128,2
DA:134,1
DA:135,0
DA:136,0
DA:137,0
DA:138,0
DA:140,0
DA:146,1
DA:147,0
DA:148,0
DA:151,0
LF:56
LH:43
BRDA:44,0,0,9
BRDA:44,0,1,1
BRDA:47,1,0,4
BRDA:47,1,1,5
BRDA:50,2,0,2
BRDA:56,3,0,4
BRDA:56,3,1,5
BRDA:59,4,0,0
BRDA:65,5,0,3
BRDA:71,6,0,3
BRDA:71,7,0,9
BRDA:71,7,1,8
BRDA:77,8,0,0
BRDA:77,9,0,9
BRDA:77,9,1,1
BRDA:87,10,0,1
BRDA:87,10,1,8
BRDA:88,11,0,2
BRDA:88,11,1,6
BRDA:89,12,0,2
BRDA:89,12,1,4
BRDA:93,13,0,3
BRDA:93,13,1,6
BRDA:94,14,0,2
BRDA:94,14,1,4
BRDA:97,15,0,3
BRDA:124,16,0,2
BRDA:125,17,0,0
BRDA:136,18,0,0
BRF:29
BRH:25
end_of_record
