{"C:\\Users\\ASUS-GEORGES-GXT\\Downloads\\PMP\\backend\\sim-auth-engine\\src\\engine\\RuleEngine.ts": {"path":"C:\\Users\\ASUS-GEORGES-GXT\\Downloads\\PMP\\backend\\sim-auth-engine\\src\\engine\\RuleEngine.ts","statementMap":{"0":{"start":{"line":6,"column":0},"end":{"line":6,"column":46}},"1":{"start":{"line":11,"column":41},"end":{"line":11,"column":43}},"2":{"start":{"line":21,"column":8},"end":{"line":21,"column":30}},"3":{"start":{"line":28,"column":44},"end":{"line":28,"column":46}},"4":{"start":{"line":29,"column":28},"end":{"line":29,"column":49}},"5":{"start":{"line":31,"column":8},"end":{"line":40,"column":9}},"6":{"start":{"line":32,"column":27},"end":{"line":32,"column":62}},"7":{"start":{"line":33,"column":12},"end":{"line":39,"column":13}},"8":{"start":{"line":34,"column":16},"end":{"line":34,"column":42}},"9":{"start":{"line":35,"column":16},"end":{"line":38,"column":17}},"10":{"start":{"line":36,"column":20},"end":{"line":36,"column":46}},"11":{"start":{"line":37,"column":20},"end":{"line":37,"column":26}},"12":{"start":{"line":43,"column":8},"end":{"line":48,"column":9}},"13":{"start":{"line":43,"column":63},"end":{"line":43,"column":82}},"14":{"start":{"line":44,"column":32},"end":{"line":44,"column":78}},"15":{"start":{"line":44,"column":55},"end":{"line":44,"column":77}},"16":{"start":{"line":45,"column":12},"end":{"line":47,"column":13}},"17":{"start":{"line":46,"column":16},"end":{"line":46,"column":47}},"18":{"start":{"line":50,"column":8},"end":{"line":50,"column":28}},"19":{"start":{"line":54,"column":29},"end":{"line":54,"column":66}},"20":{"start":{"line":54,"column":52},"end":{"line":54,"column":65}},"21":{"start":{"line":55,"column":8},"end":{"line":57,"column":9}},"22":{"start":{"line":56,"column":12},"end":{"line":56,"column":110}},"23":{"start":{"line":58,"column":25},"end":{"line":58,"column":75}},"24":{"start":{"line":58,"column":46},"end":{"line":58,"column":74}},"25":{"start":{"line":59,"column":8},"end":{"line":63,"column":10}},"26":{"start":{"line":67,"column":8},"end":{"line":67,"column":31}},"27":{"start":{"line":71,"column":8},"end":{"line":71,"column":49}},"28":{"start":{"line":71,"column":36},"end":{"line":71,"column":47}},"29":{"start":{"line":75,"column":31},"end":{"line":75,"column":46}},"30":{"start":{"line":76,"column":32},"end":{"line":76,"column":56}},"31":{"start":{"line":78,"column":43},"end":{"line":91,"column":10}},"32":{"start":{"line":93,"column":8},"end":{"line":93,"column":33}},"33":{"start":{"line":94,"column":8},"end":{"line":94,"column":23}},"34":{"start":{"line":98,"column":20},"end":{"line":98,"column":58}},"35":{"start":{"line":98,"column":46},"end":{"line":98,"column":57}},"36":{"start":{"line":99,"column":8},"end":{"line":99,"column":37}},"37":{"start":{"line":99,"column":24},"end":{"line":99,"column":37}},"38":{"start":{"line":100,"column":8},"end":{"line":100,"column":34}},"39":{"start":{"line":101,"column":8},"end":{"line":101,"column":20}},"40":{"start":{"line":105,"column":21},"end":{"line":105,"column":54}},"41":{"start":{"line":105,"column":42},"end":{"line":105,"column":53}},"42":{"start":{"line":106,"column":8},"end":{"line":106,"column":32}},"43":{"start":{"line":106,"column":19},"end":{"line":106,"column":32}},"44":{"start":{"line":107,"column":8},"end":{"line":107,"column":31}},"45":{"start":{"line":108,"column":8},"end":{"line":108,"column":20}},"46":{"start":{"line":112,"column":8},"end":{"line":114,"column":53}},"47":{"start":{"line":113,"column":25},"end":{"line":113,"column":34}},"48":{"start":{"line":114,"column":28},"end":{"line":114,"column":51}},"49":{"start":{"line":118,"column":8},"end":{"line":118,"column":24}},"50":{"start":{"line":10,"column":0},"end":{"line":10,"column":13}}},"fnMap":{"0":{"name":"(anonymous_0)","decl":{"start":{"line":13,"column":4},"end":{"line":13,"column":null}},"loc":{"start":{"line":13,"column":4},"end":{"line":15,"column":5}}},"1":{"name":"(anonymous_1)","decl":{"start":{"line":20,"column":4},"end":{"line":20,"column":16}},"loc":{"start":{"line":20,"column":40},"end":{"line":22,"column":5}}},"2":{"name":"(anonymous_2)","decl":{"start":{"line":27,"column":4},"end":{"line":27,"column":12}},"loc":{"start":{"line":27,"column":42},"end":{"line":51,"column":5}}},"3":{"name":"(anonymous_3)","decl":{"start":{"line":43,"column":58},"end":{"line":43,"column":59}},"loc":{"start":{"line":43,"column":63},"end":{"line":43,"column":82}}},"4":{"name":"(anonymous_4)","decl":{"start":{"line":44,"column":50},"end":{"line":44,"column":51}},"loc":{"start":{"line":44,"column":55},"end":{"line":44,"column":77}}},"5":{"name":"(anonymous_5)","decl":{"start":{"line":53,"column":4},"end":{"line":53,"column":15}},"loc":{"start":{"line":53,"column":43},"end":{"line":64,"column":5}}},"6":{"name":"(anonymous_6)","decl":{"start":{"line":54,"column":47},"end":{"line":54,"column":48}},"loc":{"start":{"line":54,"column":52},"end":{"line":54,"column":65}}},"7":{"name":"(anonymous_7)","decl":{"start":{"line":58,"column":41},"end":{"line":58,"column":42}},"loc":{"start":{"line":58,"column":46},"end":{"line":58,"column":74}}},"8":{"name":"(anonymous_8)","decl":{"start":{"line":66,"column":4},"end":{"line":66,"column":15}},"loc":{"start":{"line":66,"column":15},"end":{"line":68,"column":5}}},"9":{"name":"(anonymous_9)","decl":{"start":{"line":70,"column":4},"end":{"line":70,"column":15}},"loc":{"start":{"line":70,"column":26},"end":{"line":72,"column":5}}},"10":{"name":"(anonymous_10)","decl":{"start":{"line":71,"column":31},"end":{"line":71,"column":32}},"loc":{"start":{"line":71,"column":36},"end":{"line":71,"column":47}}},"11":{"name":"(anonymous_11)","decl":{"start":{"line":74,"column":4},"end":{"line":74,"column":17}},"loc":{"start":{"line":74,"column":37},"end":{"line":95,"column":5}}},"12":{"name":"(anonymous_12)","decl":{"start":{"line":97,"column":4},"end":{"line":97,"column":14}},"loc":{"start":{"line":97,"column":25},"end":{"line":102,"column":5}}},"13":{"name":"(anonymous_13)","decl":{"start":{"line":98,"column":41},"end":{"line":98,"column":42}},"loc":{"start":{"line":98,"column":46},"end":{"line":98,"column":57}}},"14":{"name":"(anonymous_14)","decl":{"start":{"line":104,"column":4},"end":{"line":104,"column":18}},"loc":{"start":{"line":104,"column":47},"end":{"line":109,"column":5}}},"15":{"name":"(anonymous_15)","decl":{"start":{"line":105,"column":37},"end":{"line":105,"column":38}},"loc":{"start":{"line":105,"column":42},"end":{"line":105,"column":53}}},"16":{"name":"(anonymous_16)","decl":{"start":{"line":111,"column":12},"end":{"line":111,"column":26}},"loc":{"start":{"line":111,"column":26},"end":{"line":115,"column":5}}},"17":{"name":"(anonymous_17)","decl":{"start":{"line":113,"column":20},"end":{"line":113,"column":21}},"loc":{"start":{"line":113,"column":25},"end":{"line":113,"column":34}}},"18":{"name":"(anonymous_18)","decl":{"start":{"line":114,"column":18},"end":{"line":114,"column":19}},"loc":{"start":{"line":114,"column":28},"end":{"line":114,"column":51}}},"19":{"name":"(anonymous_19)","decl":{"start":{"line":117,"column":4},"end":{"line":117,"column":14}},"loc":{"start":{"line":117,"column":14},"end":{"line":119,"column":5}}}},"branchMap":{"0":{"loc":{"start":{"line":33,"column":12},"end":{"line":39,"column":13}},"type":"if","locations":[{"start":{"line":33,"column":12},"end":{"line":39,"column":13}}]},"1":{"loc":{"start":{"line":35,"column":16},"end":{"line":38,"column":17}},"type":"if","locations":[{"start":{"line":35,"column":16},"end":{"line":38,"column":17}}]},"2":{"loc":{"start":{"line":43,"column":8},"end":{"line":48,"column":9}},"type":"if","locations":[{"start":{"line":43,"column":8},"end":{"line":48,"column":9}}]},"3":{"loc":{"start":{"line":43,"column":12},"end":{"line":43,"column":83}},"type":"binary-expr","locations":[{"start":{"line":43,"column":12},"end":{"line":43,"column":35}},{"start":{"line":43,"column":39},"end":{"line":43,"column":83}}]},"4":{"loc":{"start":{"line":45,"column":12},"end":{"line":47,"column":13}},"type":"if","locations":[{"start":{"line":45,"column":12},"end":{"line":47,"column":13}}]},"5":{"loc":{"start":{"line":55,"column":8},"end":{"line":57,"column":9}},"type":"if","locations":[{"start":{"line":55,"column":8},"end":{"line":57,"column":9}}]},"6":{"loc":{"start":{"line":62,"column":29},"end":{"line":62,"column":67}},"type":"binary-expr","locations":[{"start":{"line":62,"column":29},"end":{"line":62,"column":54}},{"start":{"line":62,"column":58},"end":{"line":62,"column":67}}]},"7":{"loc":{"start":{"line":79,"column":16},"end":{"line":79,"column":46}},"type":"binary-expr","locations":[{"start":{"line":79,"column":16},"end":{"line":79,"column":22}},{"start":{"line":79,"column":26},"end":{"line":79,"column":46}}]},"8":{"loc":{"start":{"line":99,"column":8},"end":{"line":99,"column":37}},"type":"if","locations":[{"start":{"line":99,"column":8},"end":{"line":99,"column":37}}]},"9":{"loc":{"start":{"line":106,"column":8},"end":{"line":106,"column":32}},"type":"if","locations":[{"start":{"line":106,"column":8},"end":{"line":106,"column":32}}]}},"s":{"0":1,"1":2,"2":2,"3":2,"4":2,"5":2,"6":2,"7":2,"8":1,"9":1,"10":1,"11":1,"12":2,"13":1,"14":0,"15":0,"16":0,"17":0,"18":2,"19":2,"20":1,"21":2,"22":1,"23":1,"24":1,"25":1,"26":0,"27":0,"28":0,"29":0,"30":0,"31":0,"32":0,"33":0,"34":0,"35":0,"36":0,"37":0,"38":0,"39":0,"40":0,"41":0,"42":0,"43":0,"44":0,"45":0,"46":2,"47":2,"48":0,"49":0,"50":1},"f":{"0":2,"1":2,"2":2,"3":1,"4":0,"5":2,"6":1,"7":1,"8":0,"9":0,"10":0,"11":0,"12":0,"13":0,"14":0,"15":0,"16":2,"17":2,"18":0,"19":0},"b":{"0":[1],"1":[1],"2":[0],"3":[2,1],"4":[0],"5":[1],"6":[1,0],"7":[0,0],"8":[0],"9":[0]}}
,"C:\\Users\\ASUS-GEORGES-GXT\\Downloads\\PMP\\backend\\sim-auth-engine\\src\\engine\\RuleExecutor.ts": {"path":"C:\\Users\\ASUS-GEORGES-GXT\\Downloads\\PMP\\backend\\sim-auth-engine\\src\\engine\\RuleExecutor.ts","statementMap":{"0":{"start":{"line":6,"column":0},"end":{"line":6,"column":42}},"1":{"start":{"line":13,"column":8},"end":{"line":29,"column":9}},"2":{"start":{"line":14,"column":12},"end":{"line":14,"column":43}},"3":{"start":{"line":14,"column":31},"end":{"line":14,"column":43}},"4":{"start":{"line":16,"column":28},"end":{"line":16,"column":72}},"5":{"start":{"line":18,"column":12},"end":{"line":26,"column":13}},"6":{"start":{"line":19,"column":16},"end":{"line":25,"column":18}},"7":{"start":{"line":28,"column":12},"end":{"line":28,"column":69}},"8":{"start":{"line":30,"column":8},"end":{"line":30,"column":20}},"9":{"start":{"line":8,"column":0},"end":{"line":8,"column":13}}},"fnMap":{"0":{"name":"(anonymous_0)","decl":{"start":{"line":12,"column":4},"end":{"line":12,"column":10}},"loc":{"start":{"line":12,"column":73},"end":{"line":31,"column":5}}}},"branchMap":{"0":{"loc":{"start":{"line":14,"column":12},"end":{"line":14,"column":43}},"type":"if","locations":[{"start":{"line":14,"column":12},"end":{"line":14,"column":43}}]},"1":{"loc":{"start":{"line":18,"column":12},"end":{"line":26,"column":13}},"type":"if","locations":[{"start":{"line":18,"column":12},"end":{"line":26,"column":13}}]}},"s":{"0":1,"1":2,"2":2,"3":0,"4":2,"5":2,"6":1,"7":0,"8":1,"9":1},"f":{"0":2},"b":{"0":[0],"1":[1]}}
,"C:\\Users\\ASUS-GEORGES-GXT\\Downloads\\PMP\\backend\\sim-auth-engine\\src\\engine\\RuleParser.ts": {"path":"C:\\Users\\ASUS-GEORGES-GXT\\Downloads\\PMP\\backend\\sim-auth-engine\\src\\engine\\RuleParser.ts","statementMap":{"0":{"start":{"line":26,"column":8},"end":{"line":28,"column":9}},"1":{"start":{"line":27,"column":12},"end":{"line":27,"column":38}},"2":{"start":{"line":29,"column":8},"end":{"line":29,"column":52}},"3":{"start":{"line":33,"column":8},"end":{"line":35,"column":9}},"4":{"start":{"line":34,"column":12},"end":{"line":34,"column":83}},"5":{"start":{"line":34,"column":53},"end":{"line":34,"column":81}},"6":{"start":{"line":36,"column":8},"end":{"line":38,"column":9}},"7":{"start":{"line":37,"column":12},"end":{"line":37,"column":82}},"8":{"start":{"line":37,"column":52},"end":{"line":37,"column":80}},"9":{"start":{"line":40,"column":28},"end":{"line":40,"column":78}},"10":{"start":{"line":42,"column":8},"end":{"line":51,"column":9}},"11":{"start":{"line":43,"column":27},"end":{"line":43,"column":59}},"12":{"start":{"line":44,"column":31},"end":{"line":44,"column":63}},"13":{"start":{"line":45,"column":33},"end":{"line":45,"column":64}},"14":{"start":{"line":46,"column":30},"end":{"line":46,"column":61}},"15":{"start":{"line":47,"column":23},"end":{"line":47,"column":90}},"16":{"start":{"line":48,"column":27},"end":{"line":48,"column":95}},"17":{"start":{"line":49,"column":29},"end":{"line":49,"column":98}},"18":{"start":{"line":50,"column":21},"end":{"line":50,"column":34}},"19":{"start":{"line":55,"column":8},"end":{"line":55,"column":78}},"20":{"start":{"line":55,"column":52},"end":{"line":55,"column":67}},"21":{"start":{"line":21,"column":0},"end":{"line":21,"column":13}}},"fnMap":{"0":{"name":"(anonymous_0)","decl":{"start":{"line":25,"column":4},"end":{"line":25,"column":10}},"loc":{"start":{"line":25,"column":75},"end":{"line":30,"column":5}}},"1":{"name":"(anonymous_1)","decl":{"start":{"line":32,"column":12},"end":{"line":32,"column":18}},"loc":{"start":{"line":32,"column":83},"end":{"line":52,"column":5}}},"2":{"name":"(anonymous_2)","decl":{"start":{"line":34,"column":48},"end":{"line":34,"column":49}},"loc":{"start":{"line":34,"column":53},"end":{"line":34,"column":81}}},"3":{"name":"(anonymous_3)","decl":{"start":{"line":37,"column":47},"end":{"line":37,"column":48}},"loc":{"start":{"line":37,"column":52},"end":{"line":37,"column":80}}},"4":{"name":"(anonymous_4)","decl":{"start":{"line":54,"column":12},"end":{"line":54,"column":18}},"loc":{"start":{"line":54,"column":65},"end":{"line":56,"column":5}}},"5":{"name":"(anonymous_5)","decl":{"start":{"line":55,"column":38},"end":{"line":55,"column":39}},"loc":{"start":{"line":55,"column":52},"end":{"line":55,"column":67}}}},"branchMap":{"0":{"loc":{"start":{"line":26,"column":8},"end":{"line":28,"column":9}},"type":"if","locations":[{"start":{"line":26,"column":8},"end":{"line":28,"column":9}}]},"1":{"loc":{"start":{"line":33,"column":8},"end":{"line":35,"column":9}},"type":"if","locations":[{"start":{"line":33,"column":8},"end":{"line":35,"column":9}}]},"2":{"loc":{"start":{"line":34,"column":20},"end":{"line":34,"column":40}},"type":"binary-expr","locations":[{"start":{"line":34,"column":20},"end":{"line":34,"column":34}},{"start":{"line":34,"column":38},"end":{"line":34,"column":40}}]},"3":{"loc":{"start":{"line":36,"column":8},"end":{"line":38,"column":9}},"type":"if","locations":[{"start":{"line":36,"column":8},"end":{"line":38,"column":9}}]},"4":{"loc":{"start":{"line":37,"column":20},"end":{"line":37,"column":40}},"type":"binary-expr","locations":[{"start":{"line":37,"column":20},"end":{"line":37,"column":34}},{"start":{"line":37,"column":38},"end":{"line":37,"column":40}}]},"5":{"loc":{"start":{"line":40,"column":62},"end":{"line":40,"column":77}},"type":"binary-expr","locations":[{"start":{"line":40,"column":62},"end":{"line":40,"column":71}},{"start":{"line":40,"column":75},"end":{"line":40,"column":77}}]},"6":{"loc":{"start":{"line":42,"column":8},"end":{"line":51,"column":9}},"type":"switch","locations":[{"start":{"line":43,"column":12},"end":{"line":43,"column":59}},{"start":{"line":44,"column":12},"end":{"line":44,"column":63}},{"start":{"line":45,"column":12},"end":{"line":45,"column":64}},{"start":{"line":46,"column":12},"end":{"line":46,"column":61}},{"start":{"line":47,"column":12},"end":{"line":47,"column":90}},{"start":{"line":48,"column":12},"end":{"line":48,"column":95}},{"start":{"line":49,"column":12},"end":{"line":49,"column":98}},{"start":{"line":50,"column":12},"end":{"line":50,"column":34}}]},"7":{"loc":{"start":{"line":47,"column":30},"end":{"line":47,"column":89}},"type":"binary-expr","locations":[{"start":{"line":47,"column":30},"end":{"line":47,"column":54}},{"start":{"line":47,"column":58},"end":{"line":47,"column":89}}]},"8":{"loc":{"start":{"line":48,"column":34},"end":{"line":48,"column":94}},"type":"binary-expr","locations":[{"start":{"line":48,"column":34},"end":{"line":48,"column":58}},{"start":{"line":48,"column":62},"end":{"line":48,"column":94}}]},"9":{"loc":{"start":{"line":49,"column":36},"end":{"line":49,"column":97}},"type":"binary-expr","locations":[{"start":{"line":49,"column":36},"end":{"line":49,"column":62}},{"start":{"line":49,"column":66},"end":{"line":49,"column":97}}]},"10":{"loc":{"start":{"line":55,"column":52},"end":{"line":55,"column":67}},"type":"binary-expr","locations":[{"start":{"line":55,"column":52},"end":{"line":55,"column":55}},{"start":{"line":55,"column":59},"end":{"line":55,"column":67}}]}},"s":{"0":2,"1":2,"2":0,"3":0,"4":0,"5":0,"6":0,"7":0,"8":0,"9":0,"10":0,"11":0,"12":0,"13":0,"14":0,"15":0,"16":0,"17":0,"18":0,"19":0,"20":0,"21":1},"f":{"0":2,"1":0,"2":0,"3":0,"4":0,"5":0},"b":{"0":[2],"1":[0],"2":[0,0],"3":[0],"4":[0,0],"5":[0,0],"6":[0,0,0,0,0,0,0,0],"7":[0,0],"8":[0,0],"9":[0,0],"10":[0,0]}}
}
