TN:
SF:src\engine\RuleEngine.ts
FN:13,(anonymous_0)
FN:20,(anonymous_1)
FN:27,(anonymous_2)
FN:43,(anonymous_3)
FN:44,(anonymous_4)
FN:53,(anonymous_5)
FN:54,(anonymous_6)
FN:58,(anonymous_7)
FN:66,(anonymous_8)
FN:70,(anonymous_9)
FN:71,(anonymous_10)
FN:74,(anonymous_11)
FN:97,(anonymous_12)
FN:98,(anonymous_13)
FN:104,(anonymous_14)
FN:105,(anonymous_15)
FN:111,(anonymous_16)
FN:113,(anonymous_17)
FN:114,(anonymous_18)
FN:117,(anonymous_19)
FNF:20
FNH:9
FNDA:2,(anonymous_0)
FNDA:2,(anonymous_1)
FNDA:2,(anonymous_2)
FNDA:1,(anonymous_3)
FNDA:0,(anonymous_4)
FNDA:2,(anonymous_5)
FNDA:1,(anonymous_6)
FNDA:1,(anonymous_7)
FNDA:0,(anonymous_8)
FNDA:0,(anonymous_9)
FNDA:0,(anonymous_10)
FNDA:0,(anonymous_11)
FNDA:0,(anonymous_12)
FNDA:0,(anonymous_13)
FNDA:0,(anonymous_14)
FNDA:0,(anonymous_15)
FNDA:2,(anonymous_16)
FNDA:2,(anonymous_17)
FNDA:0,(anonymous_18)
FNDA:0,(anonymous_19)
DA:6,1
DA:10,1
DA:11,2
DA:21,2
DA:28,2
DA:29,2
DA:31,2
DA:32,2
DA:33,2
DA:34,1
DA:35,1
DA:36,1
DA:37,1
DA:43,2
DA:44,0
DA:45,0
DA:46,0
DA:50,2
DA:54,2
DA:55,2
DA:56,1
DA:58,1
DA:59,1
DA:67,0
DA:71,0
DA:75,0
DA:76,0
DA:78,0
DA:93,0
DA:94,0
DA:98,0
DA:99,0
DA:100,0
DA:101,0
DA:105,0
DA:106,0
DA:107,0
DA:108,0
DA:112,2
DA:113,2
DA:114,0
DA:118,0
LF:42
LH:22
BRDA:33,0,0,1
BRDA:35,1,0,1
BRDA:43,2,0,0
BRDA:43,3,0,2
BRDA:43,3,1,1
BRDA:45,4,0,0
BRDA:55,5,0,1
BRDA:62,6,0,1
BRDA:62,6,1,0
BRDA:79,7,0,0
BRDA:79,7,1,0
BRDA:99,8,0,0
BRDA:106,9,0,0
BRF:13
BRH:6
end_of_record
TN:
SF:src\engine\RuleExecutor.ts
FN:12,(anonymous_0)
FNF:1
FNH:1
FNDA:2,(anonymous_0)
DA:6,1
DA:8,1
DA:13,2
DA:14,2
DA:16,2
DA:18,2
DA:19,1
DA:28,0
DA:30,1
LF:9
LH:8
BRDA:14,0,0,0
BRDA:18,1,0,1
BRF:2
BRH:1
end_of_record
TN:
SF:src\engine\RuleParser.ts
FN:25,(anonymous_0)
FN:32,(anonymous_1)
FN:34,(anonymous_2)
FN:37,(anonymous_3)
FN:54,(anonymous_4)
FN:55,(anonymous_5)
FNF:6
FNH:1
FNDA:2,(anonymous_0)
FNDA:0,(anonymous_1)
FNDA:0,(anonymous_2)
FNDA:0,(anonymous_3)
FNDA:0,(anonymous_4)
FNDA:0,(anonymous_5)
DA:21,1
DA:26,2
DA:27,2
DA:29,0
DA:33,0
DA:34,0
DA:36,0
DA:37,0
DA:40,0
DA:42,0
DA:43,0
DA:44,0
DA:45,0
DA:46,0
DA:47,0
DA:48,0
DA:49,0
DA:50,0
DA:55,0
LF:19
LH:3
BRDA:26,0,0,2
BRDA:33,1,0,0
BRDA:34,2,0,0
BRDA:34,2,1,0
BRDA:36,3,0,0
BRDA:37,4,0,0
BRDA:37,4,1,0
BRDA:40,5,0,0
BRDA:40,5,1,0
BRDA:42,6,0,0
BRDA:42,6,1,0
BRDA:42,6,2,0
BRDA:42,6,3,0
BRDA:42,6,4,0
BRDA:42,6,5,0
BRDA:42,6,6,0
BRDA:42,6,7,0
BRDA:47,7,0,0
BRDA:47,7,1,0
BRDA:48,8,0,0
BRDA:48,8,1,0
BRDA:49,9,0,0
BRDA:49,9,1,0
BRDA:55,10,0,0
BRDA:55,10,1,0
BRF:25
BRH:1
end_of_record
