TN:
SF:src\services\key.service.ts
FN:27,(anonymous_9)
FN:51,(anonymous_10)
FN:90,(anonymous_11)
FN:109,(anonymous_12)
FN:142,(anonymous_13)
FN:153,(anonymous_14)
FN:154,(anonymous_15)
FN:160,(anonymous_16)
FN:167,(anonymous_17)
FN:178,(anonymous_18)
FN:202,(anonymous_19)
FN:217,(anonymous_20)
FN:242,(anonymous_21)
FNF:13
FNH:10
FNDA:14,(anonymous_9)
FNDA:1,(anonymous_10)
FNDA:5,(anonymous_11)
FNDA:8,(anonymous_12)
FNDA:4,(anonymous_13)
FNDA:1,(anonymous_14)
FNDA:13,(anonymous_15)
FNDA:0,(anonymous_16)
FNDA:0,(anonymous_17)
FNDA:2,(anonymous_18)
FNDA:2,(anonymous_19)
FNDA:1,(anonymous_20)
FNDA:0,(anonymous_21)
DA:1,1
DA:2,1
DA:22,1
DA:27,1
DA:28,14
DA:29,14
DA:32,14
DA:33,14
DA:34,7
DA:35,6
DA:38,14
DA:39,14
DA:40,14
DA:41,14
DA:42,14
DA:44,14
DA:46,0
DA:51,1
DA:52,1
DA:90,1
DA:91,5
DA:92,5
DA:93,5
DA:102,1
DA:109,1
DA:111,8
DA:112,0
DA:113,1
DA:114,2
DA:115,5
DA:116,0
DA:119,8
DA:120,8
DA:122,8
DA:133,8
DA:134,8
DA:136,8
DA:142,1
DA:143,4
DA:144,4
DA:146,3
DA:147,3
DA:153,1
DA:154,13
DA:160,1
DA:161,0
DA:167,1
DA:168,0
DA:169,0
DA:170,0
DA:171,0
DA:172,0
DA:178,1
DA:179,2
DA:180,2
DA:183,1
DA:188,1
DA:191,1
DA:192,1
DA:194,1
DA:196,1
DA:202,1
DA:203,2
DA:204,2
DA:206,1
DA:207,1
DA:208,1
DA:210,1
DA:211,1
DA:217,1
DA:223,1
DA:224,1
DA:235,1
DA:236,1
DA:242,1
DA:243,0
DA:244,0
DA:248,0
LF:78
LH:66
BRDA:32,0,0,0
BRDA:32,0,1,14
BRDA:33,1,0,7
BRDA:33,1,1,7
BRDA:34,2,0,1
BRDA:34,2,1,6
BRDA:38,3,0,13
BRDA:38,3,1,1
BRDA:111,4,0,0
BRDA:111,4,1,1
BRDA:111,4,2,2
BRDA:111,4,3,5
BRDA:111,4,4,0
BRDA:144,5,0,1
BRDA:161,6,0,0
BRDA:161,6,1,0
BRDA:169,7,0,0
BRDA:180,8,0,1
BRDA:204,9,0,1
BRDA:244,10,0,0
BRDA:244,11,0,0
BRDA:244,11,1,0
BRF:22
BRH:13
end_of_record
