TN:
SF:src\config\index.ts
FNF:0
FNH:0
DA:1,0
DA:2,0
DA:4,0
LF:3
LH:0
BRDA:5,0,0,0
BRDA:5,0,1,0
BRDA:6,1,0,0
BRDA:6,1,1,0
BRF:4
BRH:0
end_of_record
TN:
SF:src\controllers\key.controller.ts
FN:4,(anonymous_9)
FN:42,(anonymous_10)
FN:46,(anonymous_11)
FN:55,(anonymous_12)
FN:64,(anonymous_13)
FN:85,(anonymous_14)
FN:104,(anonymous_15)
FNF:7
FNH:0
FNDA:0,(anonymous_9)
FNDA:0,(anonymous_10)
FNDA:0,(anonymous_11)
FNDA:0,(anonymous_12)
FNDA:0,(anonymous_13)
FNDA:0,(anonymous_14)
FNDA:0,(anonymous_15)
DA:2,0
DA:4,0
DA:5,0
DA:7,0
DA:8,0
DA:9,0
DA:12,0
DA:14,0
DA:42,0
DA:43,0
DA:46,0
DA:47,0
DA:48,0
DA:49,0
DA:50,0
DA:52,0
DA:55,0
DA:56,0
DA:57,0
DA:58,0
DA:59,0
DA:61,0
DA:64,0
DA:65,0
DA:66,0
DA:67,0
DA:68,0
DA:71,0
DA:85,0
DA:86,0
DA:88,0
DA:89,0
DA:90,0
DA:93,0
DA:94,0
DA:104,0
DA:105,0
DA:106,0
DA:107,0
DA:108,0
DA:111,0
LF:41
LH:0
BRDA:7,0,0,0
BRDA:7,1,0,0
BRDA:7,1,1,0
BRDA:12,2,0,0
BRDA:12,2,1,0
BRDA:48,3,0,0
BRDA:57,4,0,0
BRDA:66,5,0,0
BRDA:88,6,0,0
BRDA:88,7,0,0
BRDA:88,7,1,0
BRDA:88,7,2,0
BRDA:93,8,0,0
BRDA:93,8,1,0
BRDA:106,9,0,0
BRF:15
BRH:0
end_of_record
TN:
SF:src\routes\key.routes.ts
FN:6,(anonymous_9)
FNF:1
FNH:0
FNDA:0,(anonymous_9)
DA:1,0
DA:2,0
DA:4,0
DA:6,0
DA:7,0
DA:11,0
DA:12,0
DA:13,0
DA:14,0
DA:17,0
DA:18,0
DA:19,0
DA:21,0
LF:13
LH:0
BRF:0
BRH:0
end_of_record
TN:
SF:src\services\key.service.ts
FN:25,(anonymous_9)
FN:64,(anonymous_10)
FN:81,(anonymous_11)
FN:105,(anonymous_12)
FN:138,(anonymous_13)
FN:149,(anonymous_14)
FN:150,(anonymous_15)
FN:156,(anonymous_16)
FN:163,(anonymous_17)
FN:174,(anonymous_18)
FN:198,(anonymous_19)
FN:213,(anonymous_20)
FN:238,(anonymous_21)
FNF:13
FNH:0
FNDA:0,(anonymous_9)
FNDA:0,(anonymous_10)
FNDA:0,(anonymous_11)
FNDA:0,(anonymous_12)
FNDA:0,(anonymous_13)
FNDA:0,(anonymous_14)
FNDA:0,(anonymous_15)
FNDA:0,(anonymous_16)
FNDA:0,(anonymous_17)
FNDA:0,(anonymous_18)
FNDA:0,(anonymous_19)
FNDA:0,(anonymous_20)
FNDA:0,(anonymous_21)
DA:1,0
DA:2,0
DA:22,0
DA:25,0
DA:26,0
DA:64,0
DA:65,0
DA:66,0
DA:67,0
DA:76,0
DA:81,0
DA:82,0
DA:83,0
DA:84,0
DA:87,0
DA:88,0
DA:89,0
DA:90,0
DA:92,0
DA:93,0
DA:94,0
DA:96,0
DA:98,0
DA:105,0
DA:107,0
DA:108,0
DA:109,0
DA:110,0
DA:111,0
DA:112,0
DA:115,0
DA:116,0
DA:118,0
DA:129,0
DA:130,0
DA:132,0
DA:138,0
DA:139,0
DA:140,0
DA:142,0
DA:143,0
DA:149,0
DA:150,0
DA:156,0
DA:157,0
DA:163,0
DA:164,0
DA:165,0
DA:166,0
DA:167,0
DA:168,0
DA:174,0
DA:175,0
DA:176,0
DA:179,0
DA:184,0
DA:187,0
DA:188,0
DA:190,0
DA:192,0
DA:198,0
DA:199,0
DA:200,0
DA:202,0
DA:203,0
DA:204,0
DA:206,0
DA:207,0
DA:213,0
DA:219,0
DA:220,0
DA:231,0
DA:232,0
DA:238,0
DA:239,0
DA:240,0
DA:244,0
LF:77
LH:0
BRDA:87,0,0,0
BRDA:87,0,1,0
BRDA:88,1,0,0
BRDA:88,1,1,0
BRDA:89,2,0,0
BRDA:89,2,1,0
BRDA:107,3,0,0
BRDA:107,3,1,0
BRDA:107,3,2,0
BRDA:107,3,3,0
BRDA:107,3,4,0
BRDA:140,4,0,0
BRDA:157,5,0,0
BRDA:157,5,1,0
BRDA:165,6,0,0
BRDA:176,7,0,0
BRDA:200,8,0,0
BRDA:240,9,0,0
BRDA:240,10,0,0
BRDA:240,10,1,0
BRF:20
BRH:0
end_of_record
